#
# There is insufficient memory for the Java Runtime Environment to continue.
# Native memory allocation (malloc) failed to allocate 942576 bytes for Chunk::new
# Possible reasons:
#   The system is out of physical RAM or swap space
#   The process is running with CompressedOops enabled, and the Java Heap may be blocking the growth of the native heap
# Possible solutions:
#   Reduce memory load on the system
#   Increase physical memory or swap space
#   Check if swap backing store is full
#   Decrease Java heap size (-Xmx/-Xms)
#   Decrease number of Java threads
#   Decrease Java thread stack sizes (-Xss)
#   Set larger code cache with -XX:ReservedCodeCacheSize=
#   JVM is running with Unscaled Compressed Oops mode in which the Java heap is
#     placed in the first 4GB address space. The Java Heap base address is the
#     maximum limit for the native heap growth. Please use -XX:HeapBaseMinAddress
#     to set the Java Heap base and to place the Java Heap above 4GB virtual address.
# This output file may be truncated or incomplete.
#
#  Out of Memory Error (arena.cpp:195), pid=8624, tid=7876
#
# JRE version: Java(TM) SE Runtime Environment (16.0.1+9) (build 16.0.1+9-24)
# Java VM: Java HotSpot(TM) 64-Bit Server VM (16.0.1+9-24, mixed mode, sharing, tiered, compressed oops, compressed class ptrs, parallel gc, windows-amd64)
# No core dump will be written. Minidumps are not enabled by default on client versions of Windows
#

---------------  S U M M A R Y ------------

Command Line: --add-modules=ALL-SYSTEM --add-opens=java.base/java.util=ALL-UNNAMED --add-opens=java.base/java.lang=ALL-UNNAMED -Declipse.application=org.eclipse.jdt.ls.core.id1 -Dosgi.bundles.defaultStartLevel=4 -Declipse.product=org.eclipse.jdt.ls.core.product -Dfile.encoding=utf8 -DwatchParentProcess=false -XX:+UseParallelGC -XX:GCTimeRatio=4 -XX:AdaptiveSizePolicyWeight=90 -Dsun.zip.disableMemoryMapping=true -Xmx1G -Xms100m c:\Users\User\.vscode\extensions\redhat.java-0.80.0\server\plugins\org.eclipse.equinox.launcher_1.6.200.v20210416-2027.jar -configuration c:\Users\User\AppData\Roaming\Code\User\globalStorage\redhat.java\0.80.0\config_win -data c:\Users\User\AppData\Roaming\Code\User\workspaceStorage\2967be04b816d9ae474d0869f495e677\redhat.java\jdt_ws

Host: Intel(R) Celeron(R) CPU 1007U @ 1.50GHz, 2 cores, 1G,  Windows 10 , 64 bit Build 19041 (10.0.19041.1023)
Time: Sat Jul  3 19:01:35 2021 W. Europe Daylight Time elapsed time: 77.218260 seconds (0d 0h 1m 17s)

---------------  T H R E A D  ---------------

Current thread (0x000002b7fe3e6d50):  JavaThread "C2 CompilerThread0" daemon [_thread_in_native, id=7876, stack(0x000000fb66c00000,0x000000fb66d00000)]


Current CompileTask:
C2:  77218 6413       4       org.eclipse.jdt.internal.compiler.lookup.LookupEnvironment::getTypeFromSignature (376 bytes)

Stack: [0x000000fb66c00000,0x000000fb66d00000]
Native frames: (J=compiled Java code, j=interpreted, Vv=VM code, C=native code)
V  [jvm.dll+0x6687ca]
V  [jvm.dll+0x7ca3c9]
V  [jvm.dll+0x7cbb53]
V  [jvm.dll+0x7cc1b3]
V  [jvm.dll+0x242ea5]
V  [jvm.dll+0xadeca]
V  [jvm.dll+0xae5ac]
V  [jvm.dll+0x35aed2]
V  [jvm.dll+0x3253d1]
V  [jvm.dll+0x32487a]
V  [jvm.dll+0x215f3c]
V  [jvm.dll+0x215350]
V  [jvm.dll+0x1a1d9b]
V  [jvm.dll+0x2253a8]
V  [jvm.dll+0x2233ec]
V  [jvm.dll+0x780002]
V  [jvm.dll+0x779b4a]
V  [jvm.dll+0x667666]
C  [ucrtbase.dll+0x21bb2]
C  [KERNEL32.DLL+0x17034]
C  [ntdll.dll+0x52651]


---------------  P R O C E S S  ---------------

Threads class SMR info:
_java_thread_list=0x000002b7920266b0, length=28, elements={
0x000002b7f2c1a6d0, 0x000002b7f2cf9bc0, 0x000002b7f2cfa990, 0x000002b7fe3e04f0,
0x000002b7fe3e36d0, 0x000002b7fe3e5350, 0x000002b7fe3e5e60, 0x000002b7fe3e6d50,
0x000002b7fe458160, 0x000002b7fe45ae70, 0x000002b7fe4dfec0, 0x000002b7ff873670,
0x000002b7ffab6fe0, 0x000002b7ffacb220, 0x000002b7ffa8a990, 0x000002b78f0d3c70,
0x000002b7ff8848a0, 0x000002b78f2791a0, 0x000002b78f27b8c0, 0x000002b78f27ce00,
0x000002b78f27c360, 0x000002b78f27be10, 0x000002b78f27c8b0, 0x000002b78f27a380,
0x000002b78f27d350, 0x000002b78f27a8d0, 0x000002b790add110, 0x000002b790adabe0
}

Java Threads: ( => current thread )
  0x000002b7f2c1a6d0 JavaThread "main" [_thread_blocked, id=8976, stack(0x000000fb66300000,0x000000fb66400000)]
  0x000002b7f2cf9bc0 JavaThread "Reference Handler" daemon [_thread_blocked, id=9644, stack(0x000000fb66600000,0x000000fb66700000)]
  0x000002b7f2cfa990 JavaThread "Finalizer" daemon [_thread_blocked, id=1736, stack(0x000000fb66700000,0x000000fb66800000)]
  0x000002b7fe3e04f0 JavaThread "Signal Dispatcher" daemon [_thread_blocked, id=4580, stack(0x000000fb66800000,0x000000fb66900000)]
  0x000002b7fe3e36d0 JavaThread "Attach Listener" daemon [_thread_blocked, id=6632, stack(0x000000fb66900000,0x000000fb66a00000)]
  0x000002b7fe3e5350 JavaThread "Service Thread" daemon [_thread_blocked, id=8896, stack(0x000000fb66a00000,0x000000fb66b00000)]
  0x000002b7fe3e5e60 JavaThread "Monitor Deflation Thread" daemon [_thread_blocked, id=3660, stack(0x000000fb66b00000,0x000000fb66c00000)]
=>0x000002b7fe3e6d50 JavaThread "C2 CompilerThread0" daemon [_thread_in_native, id=7876, stack(0x000000fb66c00000,0x000000fb66d00000)]
  0x000002b7fe458160 JavaThread "C1 CompilerThread0" daemon [_thread_blocked, id=6128, stack(0x000000fb66d00000,0x000000fb66e00000)]
  0x000002b7fe45ae70 JavaThread "Sweeper thread" daemon [_thread_blocked, id=3816, stack(0x000000fb66e00000,0x000000fb66f00000)]
  0x000002b7fe4dfec0 JavaThread "Common-Cleaner" daemon [_thread_blocked, id=7092, stack(0x000000fb66f00000,0x000000fb67000000)]
  0x000002b7ff873670 JavaThread "Notification Thread" daemon [_thread_blocked, id=4400, stack(0x000000fb67000000,0x000000fb67100000)]
  0x000002b7ffab6fe0 JavaThread "Active Thread: Equinox Container: 749f92fb-7bd3-4faa-bbf3-4f594f75a5a8" [_thread_blocked, id=584, stack(0x000000fb67200000,0x000000fb67300000)]
  0x000002b7ffacb220 JavaThread "Framework Event Dispatcher: Equinox Container: 749f92fb-7bd3-4faa-bbf3-4f594f75a5a8" daemon [_thread_blocked, id=4232, stack(0x000000fb67300000,0x000000fb67400000)]
  0x000002b7ffa8a990 JavaThread "Start Level: Equinox Container: 749f92fb-7bd3-4faa-bbf3-4f594f75a5a8" daemon [_thread_blocked, id=5516, stack(0x000000fb67400000,0x000000fb67500000)]
  0x000002b78f0d3c70 JavaThread "SCR Component Actor" daemon [_thread_blocked, id=3196, stack(0x000000fb67600000,0x000000fb67700000)]
  0x000002b7ff8848a0 JavaThread "Bundle File Closer" daemon [_thread_blocked, id=1976, stack(0x000000fb67700000,0x000000fb67800000)]
  0x000002b78f2791a0 JavaThread "Worker-JM" [_thread_blocked, id=10108, stack(0x000000fb67900000,0x000000fb67a00000)]
  0x000002b78f27b8c0 JavaThread "Worker-0" [_thread_blocked, id=2420, stack(0x000000fb67a00000,0x000000fb67b00000)]
  0x000002b78f27ce00 JavaThread "Worker-1" [_thread_blocked, id=7528, stack(0x000000fb67b00000,0x000000fb67c00000)]
  0x000002b78f27c360 JavaThread "Worker-2" [_thread_blocked, id=6304, stack(0x000000fb67c00000,0x000000fb67d00000)]
  0x000002b78f27be10 JavaThread "Java indexing" daemon [_thread_blocked, id=8792, stack(0x000000fb67800000,0x000000fb67900000)]
  0x000002b78f27c8b0 JavaThread "logback configurator timer" daemon [_thread_blocked, id=5972, stack(0x000000fb67d00000,0x000000fb67e00000)]
  0x000002b78f27a380 JavaThread "pool-2-thread-1" [_thread_in_native, id=1956, stack(0x000000fb68000000,0x000000fb68100000)]
  0x000002b78f27d350 JavaThread "Worker-3" [_thread_blocked, id=6248, stack(0x000000fb68100000,0x000000fb68200000)]
  0x000002b78f27a8d0 JavaThread "Worker-4" [_thread_blocked, id=2072, stack(0x000000fb68200000,0x000000fb68300000)]
  0x000002b790add110 JavaThread "Worker-5" [_thread_blocked, id=6804, stack(0x000000fb68300000,0x000000fb68400000)]
  0x000002b790adabe0 JavaThread "ForkJoinPool.commonPool-worker-3" daemon [_thread_blocked, id=4980, stack(0x000000fb66000000,0x000000fb66100000)]

Other Threads:
  0x000002b7fe3d4020 VMThread "VM Thread" [stack: 0x000000fb66500000,0x000000fb66600000] [id=10056]
  0x000002b7ff874330 WatcherThread [stack: 0x000000fb67100000,0x000000fb67200000] [id=5064]
  0x000002b7f2c334d0 GCTaskThread "GC Thread#0" [stack: 0x000000fb66400000,0x000000fb66500000] [id=904]
  0x000002b78f3d22b0 GCTaskThread "GC Thread#1" [stack: 0x000000fb67500000,0x000000fb67600000] [id=8176]

Threads with active compile tasks:
C2 CompilerThread0    78828 6413       4       org.eclipse.jdt.internal.compiler.lookup.LookupEnvironment::getTypeFromSignature (376 bytes)

VM state: not at safepoint (normal execution)

VM Mutex/Monitor currently owned by a thread: None

Heap address: 0x00000000c0000000, size: 1024 MB, Compressed Oops mode: 32-bit

CDS archive(s) mapped at: [0x0000000800000000-0x0000000800bb0000-0x0000000800bb0000), size 12255232, SharedBaseAddress: 0x0000000800000000, ArchiveRelocationMode: 0.
Compressed class space mapped at: 0x0000000800c00000-0x0000000840c00000, reserved size: 1073741824
Narrow klass base: 0x0000000800000000, Narrow klass shift: 3, Narrow klass range: 0x100000000

GC Precious Log:
 CPUs: 2 total, 2 available
 Memory: 1933M
 Large Page Support: Disabled
 NUMA Support: Disabled
 Compressed Oops: Enabled (32-bit)
 Alignments: Space 512K, Generation 512K, Heap 2M
 Heap Min Capacity: 100M
 Heap Initial Capacity: 100M
 Heap Max Capacity: 1G
 Pre-touch: Disabled
 Parallel Workers: 2

Heap:
 PSYoungGen      total 33792K, used 18310K [0x00000000eab00000, 0x00000000ed800000, 0x0000000100000000)
  eden space 21504K, 85% used [0x00000000eab00000,0x00000000ebce1b20,0x00000000ec000000)
  from space 12288K, 0% used [0x00000000ec000000,0x00000000ec000000,0x00000000ecc00000)
  to   space 12288K, 0% used [0x00000000ecc00000,0x00000000ecc00000,0x00000000ed800000)
 ParOldGen       total 82944K, used 72958K [0x00000000c0000000, 0x00000000c5100000, 0x00000000eab00000)
  object space 82944K, 87% used [0x00000000c0000000,0x00000000c473fab0,0x00000000c5100000)
 Metaspace       used 54319K, committed 55232K, reserved 1105920K
  class space    used 5678K, committed 6016K, reserved 1048576K

Card table byte_map: [0x000002b7fbd60000,0x000002b7fbf70000] _byte_map_base: 0x000002b7fb760000

Marking Bits: (ParMarkBitMap*) 0x00007ffb1a930b20
 Begin Bits: [0x000002b7fc0d0000, 0x000002b7fd0d0000)
 End Bits:   [0x000002b7fd0d0000, 0x000002b7fe0d0000)

Polling page: 0x000002b7f2d00000

Metaspace:

Usage:
  Non-class:     47.50 MB used.
      Class:      5.55 MB used.
       Both:     53.05 MB used.

Virtual space:
  Non-class space:       56.00 MB reserved,      48.06 MB ( 86%) committed,  7 nodes.
      Class space:        1.00 GB reserved,       5.88 MB ( <1%) committed,  1 nodes.
              Both:        1.05 GB reserved,      53.94 MB (  5%) committed. 

Chunk freelists:
   Non-Class:  3.17 MB
       Class:  2.07 MB
        Both:  5.24 MB

MaxMetaspaceSize: 17179869184.00 GB
CompressedClassSpaceSize: 1.00 GB
 - commit_granule_bytes: 65536.
 - commit_granule_words: 8192.
 - virtual_space_node_default_size: 1048576.
 - enlarge_chunks_in_place: 1.
 - new_chunks_are_fully_committed: 0.
 - uncommit_free_chunks: 1.
 - use_allocation_guard: 0.
 - handle_deallocations: 1.


Internal statistics:

num_allocs_failed_limit: 6.
num_arena_births: 362.
num_arena_deaths: 0.
num_vsnodes_births: 8.
num_vsnodes_deaths: 0.
num_space_committed: 863.
num_space_uncommitted: 0.
num_chunks_returned_to_freelist: 6.
num_chunks_taken_from_freelist: 2596.
num_chunk_merges: 3.
num_chunk_splits: 1720.
num_chunks_enlarged: 1138.
num_purges: 0.

CodeHeap 'non-profiled nmethods': size=120064Kb used=3281Kb max_used=3281Kb free=116783Kb
 bounds [0x000002b787ac0000, 0x000002b787e00000, 0x000002b78f000000]
CodeHeap 'profiled nmethods': size=120000Kb used=13831Kb max_used=13831Kb free=106168Kb
 bounds [0x000002b780590000, 0x000002b781320000, 0x000002b787ac0000]
CodeHeap 'non-nmethods': size=5696Kb used=1337Kb max_used=1389Kb free=4358Kb
 bounds [0x000002b780000000, 0x000002b780270000, 0x000002b780590000]
 total_blobs=6707 nmethods=6035 adapters=585
 compilation: enabled
              stopped_count=0, restarted_count=0
 full_count=0

Compilation events (20 events):
Event: 75.518 Thread 0x000002b7fe458160 6451       1       org.eclipse.jdt.internal.compiler.env.NameEnvironmentAnswer::getBinaryType (5 bytes)
Event: 75.518 Thread 0x000002b7fe458160 nmethod 6451 0x000002b787de5710 code [0x000002b787de58a0, 0x000002b787de5978]
Event: 75.518 Thread 0x000002b7fe458160 6452       1       org.eclipse.jdt.internal.compiler.classfmt.ClassFileReader::getEnclosingTypeName (5 bytes)
Event: 75.518 Thread 0x000002b7fe458160 nmethod 6452 0x000002b787de5a10 code [0x000002b787de5ba0, 0x000002b787de5c78]
Event: 75.519 Thread 0x000002b7fe458160 6453       3       org.eclipse.jdt.internal.compiler.lookup.BinaryTypeBinding::createAnnotation (176 bytes)
Event: 75.521 Thread 0x000002b7fe458160 nmethod 6453 0x000002b781202710 code [0x000002b7812029e0, 0x000002b781203bb8]
Event: 75.523 Thread 0x000002b7fe458160 6454  s    3       org.eclipse.jdt.core.dom.DefaultBindingResolver::internalGetTypeBinding (287 bytes)
Event: 75.528 Thread 0x000002b7fe458160 nmethod 6454 0x000002b781204210 code [0x000002b781204560, 0x000002b781205ed8]
Event: 75.536 Thread 0x000002b7fe458160 6455       3       org.eclipse.jdt.internal.corext.dom.GenericVisitor::visit (6 bytes)
Event: 75.536 Thread 0x000002b7fe458160 nmethod 6455 0x000002b781206410 code [0x000002b7812065c0, 0x000002b781206788]
Event: 75.640 Thread 0x000002b7fe458160 6456       3       org.eclipse.jdt.core.dom.TypeBinding::isNullType (14 bytes)
Event: 75.640 Thread 0x000002b7fe458160 nmethod 6456 0x000002b781206810 code [0x000002b7812069c0, 0x000002b781206b38]
Event: 75.649 Thread 0x000002b7fe458160 6457   !   3       jdk.internal.loader.BuiltinClassLoader$2::run (114 bytes)
Event: 75.650 Thread 0x000002b7fe458160 nmethod 6457 0x000002b781206c10 code [0x000002b781206ea0, 0x000002b781207cb8]
Event: 75.650 Thread 0x000002b7fe458160 6458  s    3       org.eclipse.jdt.core.dom.DefaultBindingResolver::getTypeBinding (7 bytes)
Event: 75.651 Thread 0x000002b7fe458160 nmethod 6458 0x000002b781208190 code [0x000002b781208340, 0x000002b781208528]
Event: 75.651 Thread 0x000002b7fe458160 6459       1       org.eclipse.jdt.internal.compiler.lookup.AnnotationBinding::getAnnotationType (5 bytes)
Event: 75.651 Thread 0x000002b7fe458160 nmethod 6459 0x000002b787de5d10 code [0x000002b787de5ea0, 0x000002b787de5f78]
Event: 75.652 Thread 0x000002b7fe458160 6460       3       org.eclipse.jdt.core.dom.TypeBinding::isInterface (50 bytes)
Event: 75.652 Thread 0x000002b7fe458160 nmethod 6460 0x000002b781208610 code [0x000002b7812087e0, 0x000002b781208b58]

GC Heap History (20 events):
Event: 50.566 GC heap before
{Heap before GC invocations=13 (full 2):
 PSYoungGen      total 27136K, used 27072K [0x00000000eab00000, 0x00000000ecc80000, 0x0000000100000000)
  eden space 22528K, 100% used [0x00000000eab00000,0x00000000ec100000,0x00000000ec100000)
  from space 4608K, 98% used [0x00000000ec800000,0x00000000ecc70020,0x00000000ecc80000)
  to   space 5632K, 0% used [0x00000000ec180000,0x00000000ec180000,0x00000000ec700000)
 ParOldGen       total 68608K, used 20609K [0x00000000c0000000, 0x00000000c4300000, 0x00000000eab00000)
  object space 68608K, 30% used [0x00000000c0000000,0x00000000c1420440,0x00000000c4300000)
 Metaspace       used 39400K, committed 40192K, reserved 1089536K
  class space    used 4234K, committed 4608K, reserved 1048576K
}
Event: 50.584 GC heap after
{Heap after GC invocations=13 (full 2):
 PSYoungGen      total 24576K, used 2464K [0x00000000eab00000, 0x00000000ec880000, 0x0000000100000000)
  eden space 22016K, 0% used [0x00000000eab00000,0x00000000eab00000,0x00000000ec080000)
  from space 2560K, 96% used [0x00000000ec180000,0x00000000ec3e8010,0x00000000ec400000)
  to   space 3584K, 0% used [0x00000000ec500000,0x00000000ec500000,0x00000000ec880000)
 ParOldGen       total 68608K, used 25021K [0x00000000c0000000, 0x00000000c4300000, 0x00000000eab00000)
  object space 68608K, 36% used [0x00000000c0000000,0x00000000c186f7a8,0x00000000c4300000)
 Metaspace       used 39400K, committed 40192K, reserved 1089536K
  class space    used 4234K, committed 4608K, reserved 1048576K
}
Event: 53.823 GC heap before
{Heap before GC invocations=14 (full 2):
 PSYoungGen      total 24576K, used 24480K [0x00000000eab00000, 0x00000000ec880000, 0x0000000100000000)
  eden space 22016K, 100% used [0x00000000eab00000,0x00000000ec080000,0x00000000ec080000)
  from space 2560K, 96% used [0x00000000ec180000,0x00000000ec3e8010,0x00000000ec400000)
  to   space 3584K, 0% used [0x00000000ec500000,0x00000000ec500000,0x00000000ec880000)
 ParOldGen       total 68608K, used 25021K [0x00000000c0000000, 0x00000000c4300000, 0x00000000eab00000)
  object space 68608K, 36% used [0x00000000c0000000,0x00000000c186f7a8,0x00000000c4300000)
 Metaspace       used 43487K, committed 44288K, reserved 1089536K
  class space    used 4649K, committed 4992K, reserved 1048576K
}
Event: 53.841 GC heap after
{Heap after GC invocations=14 (full 2):
 PSYoungGen      total 25088K, used 2758K [0x00000000eab00000, 0x00000000ec800000, 0x0000000100000000)
  eden space 22016K, 0% used [0x00000000eab00000,0x00000000eab00000,0x00000000ec080000)
  from space 3072K, 89% used [0x00000000ec500000,0x00000000ec7b1820,0x00000000ec800000)
  to   space 3072K, 0% used [0x00000000ec200000,0x00000000ec200000,0x00000000ec500000)
 ParOldGen       total 68608K, used 27453K [0x00000000c0000000, 0x00000000c4300000, 0x00000000eab00000)
  object space 68608K, 40% used [0x00000000c0000000,0x00000000c1acf7b8,0x00000000c4300000)
 Metaspace       used 43487K, committed 44288K, reserved 1089536K
  class space    used 4649K, committed 4992K, reserved 1048576K
}
Event: 56.768 GC heap before
{Heap before GC invocations=15 (full 2):
 PSYoungGen      total 25088K, used 24764K [0x00000000eab00000, 0x00000000ec800000, 0x0000000100000000)
  eden space 22016K, 99% used [0x00000000eab00000,0x00000000ec07d868,0x00000000ec080000)
  from space 3072K, 89% used [0x00000000ec500000,0x00000000ec7b1820,0x00000000ec800000)
  to   space 3072K, 0% used [0x00000000ec200000,0x00000000ec200000,0x00000000ec500000)
 ParOldGen       total 68608K, used 27453K [0x00000000c0000000, 0x00000000c4300000, 0x00000000eab00000)
  object space 68608K, 40% used [0x00000000c0000000,0x00000000c1acf7b8,0x00000000c4300000)
 Metaspace       used 46482K, committed 47360K, reserved 1097728K
  class space    used 4900K, committed 5248K, reserved 1048576K
}
Event: 56.778 GC heap after
{Heap after GC invocations=15 (full 2):
 PSYoungGen      total 23040K, used 607K [0x00000000eab00000, 0x00000000ec580000, 0x0000000100000000)
  eden space 22016K, 0% used [0x00000000eab00000,0x00000000eab00000,0x00000000ec080000)
  from space 1024K, 59% used [0x00000000ec200000,0x00000000ec297ed0,0x00000000ec300000)
  to   space 1536K, 0% used [0x00000000ec400000,0x00000000ec400000,0x00000000ec580000)
 ParOldGen       total 68608K, used 30064K [0x00000000c0000000, 0x00000000c4300000, 0x00000000eab00000)
  object space 68608K, 43% used [0x00000000c0000000,0x00000000c1d5c218,0x00000000c4300000)
 Metaspace       used 46482K, committed 47360K, reserved 1097728K
  class space    used 4900K, committed 5248K, reserved 1048576K
}
Event: 65.030 GC heap before
{Heap before GC invocations=16 (full 2):
 PSYoungGen      total 23040K, used 22592K [0x00000000eab00000, 0x00000000ec580000, 0x0000000100000000)
  eden space 22016K, 99% used [0x00000000eab00000,0x00000000ec078178,0x00000000ec080000)
  from space 1024K, 59% used [0x00000000ec200000,0x00000000ec297ed0,0x00000000ec300000)
  to   space 1536K, 0% used [0x00000000ec400000,0x00000000ec400000,0x00000000ec580000)
 ParOldGen       total 68608K, used 30064K [0x00000000c0000000, 0x00000000c4300000, 0x00000000eab00000)
  object space 68608K, 43% used [0x00000000c0000000,0x00000000c1d5c218,0x00000000c4300000)
 Metaspace       used 49526K, committed 50304K, reserved 1097728K
  class space    used 5176K, committed 5504K, reserved 1048576K
}
Event: 65.038 GC heap after
{Heap after GC invocations=16 (full 2):
 PSYoungGen      total 23552K, used 1456K [0x00000000eab00000, 0x00000000ec580000, 0x0000000100000000)
  eden space 22016K, 0% used [0x00000000eab00000,0x00000000eab00000,0x00000000ec080000)
  from space 1536K, 94% used [0x00000000ec400000,0x00000000ec56c030,0x00000000ec580000)
  to   space 2048K, 0% used [0x00000000ec180000,0x00000000ec180000,0x00000000ec380000)
 ParOldGen       total 68608K, used 30620K [0x00000000c0000000, 0x00000000c4300000, 0x00000000eab00000)
  object space 68608K, 44% used [0x00000000c0000000,0x00000000c1de7328,0x00000000c4300000)
 Metaspace       used 49526K, committed 50304K, reserved 1097728K
  class space    used 5176K, committed 5504K, reserved 1048576K
}
Event: 68.542 GC heap before
{Heap before GC invocations=17 (full 2):
 PSYoungGen      total 23552K, used 23178K [0x00000000eab00000, 0x00000000ec580000, 0x0000000100000000)
  eden space 22016K, 98% used [0x00000000eab00000,0x00000000ec036908,0x00000000ec080000)
  from space 1536K, 94% used [0x00000000ec400000,0x00000000ec56c030,0x00000000ec580000)
  to   space 2048K, 0% used [0x00000000ec180000,0x00000000ec180000,0x00000000ec380000)
 ParOldGen       total 68608K, used 30620K [0x00000000c0000000, 0x00000000c4300000, 0x00000000eab00000)
  object space 68608K, 44% used [0x00000000c0000000,0x00000000c1de7328,0x00000000c4300000)
 Metaspace       used 50432K, committed 51200K, reserved 1097728K
  class space    used 5256K, committed 5568K, reserved 1048576K
}
Event: 68.560 GC heap after
{Heap after GC invocations=17 (full 2):
 PSYoungGen      total 23552K, used 1232K [0x00000000eab00000, 0x00000000ec480000, 0x0000000100000000)
  eden space 22016K, 0% used [0x00000000eab00000,0x00000000eab00000,0x00000000ec080000)
  from space 1536K, 80% used [0x00000000ec180000,0x00000000ec2b4010,0x00000000ec300000)
  to   space 1536K, 0% used [0x00000000ec300000,0x00000000ec300000,0x00000000ec480000)
 ParOldGen       total 68608K, used 41912K [0x00000000c0000000, 0x00000000c4300000, 0x00000000eab00000)
  object space 68608K, 61% used [0x00000000c0000000,0x00000000c28ee348,0x00000000c4300000)
 Metaspace       used 50432K, committed 51200K, reserved 1097728K
  class space    used 5256K, committed 5568K, reserved 1048576K
}
Event: 71.173 GC heap before
{Heap before GC invocations=18 (full 3):
 PSYoungGen      total 23552K, used 23248K [0x00000000eab00000, 0x00000000ec480000, 0x0000000100000000)
  eden space 22016K, 100% used [0x00000000eab00000,0x00000000ec080000,0x00000000ec080000)
  from space 1536K, 80% used [0x00000000ec180000,0x00000000ec2b4010,0x00000000ec300000)
  to   space 1536K, 0% used [0x00000000ec300000,0x00000000ec300000,0x00000000ec480000)
 ParOldGen       total 68608K, used 68242K [0x00000000c0000000, 0x00000000c4300000, 0x00000000eab00000)
  object space 68608K, 99% used [0x00000000c0000000,0x00000000c42a48f8,0x00000000c4300000)
 Metaspace       used 51120K, committed 51968K, reserved 1097728K
  class space    used 5305K, committed 5632K, reserved 1048576K
}
Event: 72.119 GC heap after
{Heap after GC invocations=18 (full 3):
 PSYoungGen      total 22528K, used 0K [0x00000000eab00000, 0x00000000ec380000, 0x0000000100000000)
  eden space 22016K, 0% used [0x00000000eab00000,0x00000000eab00000,0x00000000ec080000)
  from space 512K, 0% used [0x00000000ec300000,0x00000000ec300000,0x00000000ec380000)
  to   space 1536K, 0% used [0x00000000ec080000,0x00000000ec080000,0x00000000ec200000)
 ParOldGen       total 82944K, used 44240K [0x00000000c0000000, 0x00000000c5100000, 0x00000000eab00000)
  object space 82944K, 53% used [0x00000000c0000000,0x00000000c2b34108,0x00000000c5100000)
 Metaspace       used 51120K, committed 51968K, reserved 1097728K
  class space    used 5305K, committed 5632K, reserved 1048576K
}
Event: 72.923 GC heap before
{Heap before GC invocations=19 (full 3):
 PSYoungGen      total 22528K, used 22016K [0x00000000eab00000, 0x00000000ec380000, 0x0000000100000000)
  eden space 22016K, 100% used [0x00000000eab00000,0x00000000ec080000,0x00000000ec080000)
  from space 512K, 0% used [0x00000000ec300000,0x00000000ec300000,0x00000000ec380000)
  to   space 1536K, 0% used [0x00000000ec080000,0x00000000ec080000,0x00000000ec200000)
 ParOldGen       total 82944K, used 44240K [0x00000000c0000000, 0x00000000c5100000, 0x00000000eab00000)
  object space 82944K, 53% used [0x00000000c0000000,0x00000000c2b34108,0x00000000c5100000)
 Metaspace       used 51510K, committed 52352K, reserved 1097728K
  class space    used 5349K, committed 5696K, reserved 1048576K
}
Event: 72.967 GC heap after
{Heap after GC invocations=19 (full 3):
 PSYoungGen      total 23040K, used 1535K [0x00000000eab00000, 0x00000000ee100000, 0x0000000100000000)
  eden space 21504K, 0% used [0x00000000eab00000,0x00000000eab00000,0x00000000ec000000)
  from space 1536K, 99% used [0x00000000ec080000,0x00000000ec1ffe88,0x00000000ec200000)
  to   space 16896K, 0% used [0x00000000ed080000,0x00000000ed080000,0x00000000ee100000)
 ParOldGen       total 82944K, used 57200K [0x00000000c0000000, 0x00000000c5100000, 0x00000000eab00000)
  object space 82944K, 68% used [0x00000000c0000000,0x00000000c37dc108,0x00000000c5100000)
 Metaspace       used 51510K, committed 52352K, reserved 1097728K
  class space    used 5349K, committed 5696K, reserved 1048576K
}
Event: 73.274 GC heap before
{Heap before GC invocations=20 (full 3):
 PSYoungGen      total 23040K, used 23039K [0x00000000eab00000, 0x00000000ee100000, 0x0000000100000000)
  eden space 21504K, 100% used [0x00000000eab00000,0x00000000ec000000,0x00000000ec000000)
  from space 1536K, 99% used [0x00000000ec080000,0x00000000ec1ffe88,0x00000000ec200000)
  to   space 16896K, 0% used [0x00000000ed080000,0x00000000ed080000,0x00000000ee100000)
 ParOldGen       total 82944K, used 57200K [0x00000000c0000000, 0x00000000c5100000, 0x00000000eab00000)
  object space 82944K, 68% used [0x00000000c0000000,0x00000000c37dc108,0x00000000c5100000)
 Metaspace       used 51636K, committed 52480K, reserved 1097728K
  class space    used 5369K, committed 5696K, reserved 1048576K
}
Event: 73.316 GC heap after
{Heap after GC invocations=20 (full 3):
 PSYoungGen      total 35840K, used 13920K [0x00000000eab00000, 0x00000000ede80000, 0x0000000100000000)
  eden space 21504K, 0% used [0x00000000eab00000,0x00000000eab00000,0x00000000ec000000)
  from space 14336K, 97% used [0x00000000ed080000,0x00000000ede18000,0x00000000ede80000)
  to   space 14848K, 0% used [0x00000000ec180000,0x00000000ec180000,0x00000000ed000000)
 ParOldGen       total 82944K, used 58700K [0x00000000c0000000, 0x00000000c5100000, 0x00000000eab00000)
  object space 82944K, 70% used [0x00000000c0000000,0x00000000c3953188,0x00000000c5100000)
 Metaspace       used 51636K, committed 52480K, reserved 1097728K
  class space    used 5369K, committed 5696K, reserved 1048576K
}
Event: 74.357 GC heap before
{Heap before GC invocations=21 (full 3):
 PSYoungGen      total 35840K, used 35422K [0x00000000eab00000, 0x00000000ede80000, 0x0000000100000000)
  eden space 21504K, 99% used [0x00000000eab00000,0x00000000ebfffa50,0x00000000ec000000)
  from space 14336K, 97% used [0x00000000ed080000,0x00000000ede18000,0x00000000ede80000)
  to   space 14848K, 0% used [0x00000000ec180000,0x00000000ec180000,0x00000000ed000000)
 ParOldGen       total 82944K, used 58700K [0x00000000c0000000, 0x00000000c5100000, 0x00000000eab00000)
  object space 82944K, 70% used [0x00000000c0000000,0x00000000c3953188,0x00000000c5100000)
 Metaspace       used 52756K, committed 53632K, reserved 1097728K
  class space    used 5513K, committed 5824K, reserved 1048576K
}
Event: 74.432 GC heap after
{Heap after GC invocations=21 (full 3):
 PSYoungGen      total 32768K, used 11019K [0x00000000eab00000, 0x00000000ed800000, 0x0000000100000000)
  eden space 21504K, 0% used [0x00000000eab00000,0x00000000eab00000,0x00000000ec000000)
  from space 11264K, 97% used [0x00000000ec180000,0x00000000ecc42e08,0x00000000ecc80000)
  to   space 11776K, 0% used [0x00000000ecc80000,0x00000000ecc80000,0x00000000ed800000)
 ParOldGen       total 82944K, used 72132K [0x00000000c0000000, 0x00000000c5100000, 0x00000000eab00000)
  object space 82944K, 86% used [0x00000000c0000000,0x00000000c4671188,0x00000000c5100000)
 Metaspace       used 52756K, committed 53632K, reserved 1097728K
  class space    used 5513K, committed 5824K, reserved 1048576K
}
Event: 74.432 GC heap before
{Heap before GC invocations=22 (full 4):
 PSYoungGen      total 32768K, used 11019K [0x00000000eab00000, 0x00000000ed800000, 0x0000000100000000)
  eden space 21504K, 0% used [0x00000000eab00000,0x00000000eab00000,0x00000000ec000000)
  from space 11264K, 97% used [0x00000000ec180000,0x00000000ecc42e08,0x00000000ecc80000)
  to   space 11776K, 0% used [0x00000000ecc80000,0x00000000ecc80000,0x00000000ed800000)
 ParOldGen       total 82944K, used 72132K [0x00000000c0000000, 0x00000000c5100000, 0x00000000eab00000)
  object space 82944K, 86% used [0x00000000c0000000,0x00000000c4671188,0x00000000c5100000)
 Metaspace       used 52756K, committed 53632K, reserved 1097728K
  class space    used 5513K, committed 5824K, reserved 1048576K
}
Event: 74.860 GC heap after
{Heap after GC invocations=22 (full 4):
 PSYoungGen      total 33280K, used 0K [0x00000000eab00000, 0x00000000ed800000, 0x0000000100000000)
  eden space 21504K, 0% used [0x00000000eab00000,0x00000000eab00000,0x00000000ec000000)
  from space 11776K, 0% used [0x00000000ecc80000,0x00000000ecc80000,0x00000000ed800000)
  to   space 12288K, 0% used [0x00000000ec000000,0x00000000ec000000,0x00000000ecc00000)
 ParOldGen       total 82944K, used 70486K [0x00000000c0000000, 0x00000000c5100000, 0x00000000eab00000)
  object space 82944K, 84% used [0x00000000c0000000,0x00000000c44d5ab8,0x00000000c5100000)
 Metaspace       used 52756K, committed 53632K, reserved 1097728K
  class space    used 5513K, committed 5824K, reserved 1048576K
}

Deoptimization events (20 events):
Event: 75.236 Thread 0x000002b790adbbd0 Uncommon trap: trap_request=0xffffff45 fr.pc=0x000002b787c4c398 relative=0x0000000000006138
Event: 75.236 Thread 0x000002b790adbbd0 Uncommon trap: reason=unstable_if action=reinterpret pc=0x000002b787c4c398 method=org.eclipse.osgi.internal.loader.ModuleClassLoader.defineClass(Ljava/lang/String;[BLorg/eclipse/osgi/internal/loader/classpath/ClasspathEntry;)Lorg/eclipse/osgi/internal/loa
Event: 75.236 Thread 0x000002b790adbbd0 DEOPT PACKING pc=0x000002b787c4c398 sp=0x000000fb68dfdc20
Event: 75.236 Thread 0x000002b790adbbd0 DEOPT UNPACKING pc=0x000002b78004d428 sp=0x000000fb68dfdb98 mode 2
Event: 75.258 Thread 0x000002b790adc670 Uncommon trap: trap_request=0xffffffc6 fr.pc=0x000002b787bdcbc8 relative=0x0000000000001c08
Event: 75.258 Thread 0x000002b790adc670 Uncommon trap: reason=bimorphic_or_optimized_type_check action=maybe_recompile pc=0x000002b787bdcbc8 method=org.eclipse.jdt.internal.compiler.parser.Parser.pushIdentifier()V @ 5 c2
Event: 75.258 Thread 0x000002b790adc670 DEOPT PACKING pc=0x000002b787bdcbc8 sp=0x000000fb689fe760
Event: 75.258 Thread 0x000002b790adc670 DEOPT UNPACKING pc=0x000002b78004d428 sp=0x000000fb689fe6f8 mode 2
Event: 75.258 Thread 0x000002b790adc670 Uncommon trap: trap_request=0xffffffc6 fr.pc=0x000002b787bdcbc8 relative=0x0000000000001c08
Event: 75.258 Thread 0x000002b790adc670 Uncommon trap: reason=bimorphic_or_optimized_type_check action=maybe_recompile pc=0x000002b787bdcbc8 method=org.eclipse.jdt.internal.compiler.parser.Parser.pushIdentifier()V @ 5 c2
Event: 75.258 Thread 0x000002b790adc670 DEOPT PACKING pc=0x000002b787bdcbc8 sp=0x000000fb689fe760
Event: 75.258 Thread 0x000002b790adc670 DEOPT UNPACKING pc=0x000002b78004d428 sp=0x000000fb689fe6f8 mode 2
Event: 75.259 Thread 0x000002b790adc670 Uncommon trap: trap_request=0xffffffc6 fr.pc=0x000002b787bdcbc8 relative=0x0000000000001c08
Event: 75.259 Thread 0x000002b790adc670 Uncommon trap: reason=bimorphic_or_optimized_type_check action=maybe_recompile pc=0x000002b787bdcbc8 method=org.eclipse.jdt.internal.compiler.parser.Parser.pushIdentifier()V @ 5 c2
Event: 75.259 Thread 0x000002b790adc670 DEOPT PACKING pc=0x000002b787bdcbc8 sp=0x000000fb689fe760
Event: 75.259 Thread 0x000002b790adc670 DEOPT UNPACKING pc=0x000002b78004d428 sp=0x000000fb689fe6f8 mode 2
Event: 75.259 Thread 0x000002b790adc670 Uncommon trap: trap_request=0xffffffc6 fr.pc=0x000002b787bdcbc8 relative=0x0000000000001c08
Event: 75.259 Thread 0x000002b790adc670 Uncommon trap: reason=bimorphic_or_optimized_type_check action=maybe_recompile pc=0x000002b787bdcbc8 method=org.eclipse.jdt.internal.compiler.parser.Parser.pushIdentifier()V @ 5 c2
Event: 75.259 Thread 0x000002b790adc670 DEOPT PACKING pc=0x000002b787bdcbc8 sp=0x000000fb689fe760
Event: 75.259 Thread 0x000002b790adc670 DEOPT UNPACKING pc=0x000002b78004d428 sp=0x000000fb689fe6f8 mode 2

Classes unloaded (0 events):
No events

Classes redefined (0 events):
No events

Internal exceptions (20 events):
Event: 68.834 Thread 0x000002b790ae0630 Exception <a 'java/lang/ArrayIndexOutOfBoundsException'{0x00000000eb365730}: Index 535 out of bounds for length 534> (0x00000000eb365730) 
thrown [t:\workspace\open\src\hotspot\share\interpreter\interpreterRuntime.cpp, line 425]
Event: 73.384 Thread 0x000002b790adb130 Exception <a 'java/lang/ArrayIndexOutOfBoundsException'{0x00000000eb3dbcf0}: Index 551 out of bounds for length 551> (0x00000000eb3dbcf0) 
thrown [t:\workspace\open\src\hotspot\share\interpreter\interpreterRuntime.cpp, line 425]
Event: 73.506 Thread 0x000002b790adeba0 Exception <a 'java/lang/ArrayIndexOutOfBoundsException'{0x00000000eba633b0}: Index 552 out of bounds for length 552> (0x00000000eba633b0) 
thrown [t:\workspace\open\src\hotspot\share\interpreter\interpreterRuntime.cpp, line 425]
Event: 73.691 Thread 0x000002b790adeba0 Implicit null exception at 0x000002b787c9eb76 to 0x000002b787ca18ec
Event: 73.960 Thread 0x000002b790ad96a0 Exception <a 'java/lang/NoSuchMethodError'{0x00000000ebcbc460}: 'java.lang.Object java.lang.invoke.DirectMethodHandle$Holder.invokeStatic(java.lang.Object, int, java.lang.Object)'> (0x00000000ebcbc460) 
thrown [t:\workspace\open\src\hotspot\share\interpreter\linkResolver.cpp, line 790]
Event: 74.006 Thread 0x000002b78f27b8c0 Exception <a 'java/lang/ArrayIndexOutOfBoundsException'{0x00000000ebd56760}> (0x00000000ebd56760) 
thrown [t:\workspace\open\src\hotspot\share\runtime\sharedRuntime.cpp, line 624]
Event: 74.134 Thread 0x000002b790adeba0 Exception <a 'java/lang/ArrayIndexOutOfBoundsException'{0x00000000ebe14960}> (0x00000000ebe14960) 
thrown [t:\workspace\open\src\hotspot\share\runtime\sharedRuntime.cpp, line 624]
Event: 74.157 Thread 0x000002b790ad96a0 Exception <a 'java/lang/ClassNotFoundException'{0x00000000ebda8918}: sun/util/logging/resources/spi/loggingProvider> (0x00000000ebda8918) 
thrown [t:\workspace\open\src\hotspot\share\classfile\systemDictionary.cpp, line 256]
Event: 74.200 Thread 0x000002b790adfb90 Exception <a 'java/lang/ArrayIndexOutOfBoundsException'{0x00000000ebdb29e0}> (0x00000000ebdb29e0) 
thrown [t:\workspace\open\src\hotspot\share\runtime\sharedRuntime.cpp, line 624]
Event: 74.200 Thread 0x000002b790adfb90 Exception <a 'java/lang/ArrayIndexOutOfBoundsException'{0x00000000ebdb2d00}> (0x00000000ebdb2d00) 
thrown [t:\workspace\open\src\hotspot\share\runtime\sharedRuntime.cpp, line 624]
Event: 75.128 Thread 0x000002b78f27b8c0 Exception <a 'java/lang/ArrayIndexOutOfBoundsException'{0x00000000eab9ae08}: Index 553 out of bounds for length 553> (0x00000000eab9ae08) 
thrown [t:\workspace\open\src\hotspot\share\interpreter\interpreterRuntime.cpp, line 425]
Event: 75.156 Thread 0x000002b790ad9150 Exception <a 'java/lang/ArrayIndexOutOfBoundsException'{0x00000000eac01bb0}: Index 553 out of bounds for length 553> (0x00000000eac01bb0) 
thrown [t:\workspace\open\src\hotspot\share\interpreter\interpreterRuntime.cpp, line 425]
Event: 75.181 Thread 0x000002b790ad9150 Implicit null exception at 0x000002b787d3e3bb to 0x000002b787d3e504
Event: 75.195 Thread 0x000002b790ad9150 Exception <a 'java/lang/ArrayIndexOutOfBoundsException'{0x00000000eac70df0}: Index 1969 out of bounds for length 1969> (0x00000000eac70df0) 
thrown [t:\workspace\open\src\hotspot\share\interpreter\interpreterRuntime.cpp, line 425]
Event: 75.205 Thread 0x000002b790ad9150 Exception <a 'java/lang/ArrayIndexOutOfBoundsException'{0x00000000eac755f8}: Index 603 out of bounds for length 603> (0x00000000eac755f8) 
thrown [t:\workspace\open\src\hotspot\share\interpreter\interpreterRuntime.cpp, line 425]
Event: 75.210 Thread 0x000002b790ad9150 Exception <a 'java/lang/ArrayIndexOutOfBoundsException'{0x00000000eac78e20}: Index 869 out of bounds for length 869> (0x00000000eac78e20) 
thrown [t:\workspace\open\src\hotspot\share\interpreter\interpreterRuntime.cpp, line 425]
Event: 75.212 Thread 0x000002b790ad9150 Exception <a 'java/lang/ArrayIndexOutOfBoundsException'{0x00000000eac7e330}: Index 1863 out of bounds for length 1863> (0x00000000eac7e330) 
thrown [t:\workspace\open\src\hotspot\share\interpreter\interpreterRuntime.cpp, line 425]
Event: 75.213 Thread 0x000002b790ad9150 Exception <a 'java/lang/ArrayIndexOutOfBoundsException'{0x00000000eac81c88}: Index 270 out of bounds for length 270> (0x00000000eac81c88) 
thrown [t:\workspace\open\src\hotspot\share\interpreter\interpreterRuntime.cpp, line 425]
Event: 75.224 Thread 0x000002b790ad9150 Exception <a 'java/lang/ArrayIndexOutOfBoundsException'{0x00000000eacfd570}: Index 553 out of bounds for length 553> (0x00000000eacfd570) 
thrown [t:\workspace\open\src\hotspot\share\interpreter\interpreterRuntime.cpp, line 425]
Event: 75.260 Thread 0x000002b790adc670 Exception <a 'java/lang/ArrayIndexOutOfBoundsException'{0x00000000ead61de8}: Index 553 out of bounds for length 553> (0x00000000ead61de8) 
thrown [t:\workspace\open\src\hotspot\share\interpreter\interpreterRuntime.cpp, line 425]

Events (20 events):
Event: 74.164 loading class sun/util/logging/resources/logging_en_US
Event: 74.164 loading class sun/util/logging/resources/logging_en_US done
Event: 74.164 loading class java/util/Formatter$DateTime
Event: 74.166 loading class java/util/Formatter$DateTime done
Event: 74.168 loading class java/time/ZonedDateTime$1
Event: 74.200 Thread 0x000002b790adfb90 Thread exited: 0x000002b790adfb90
Event: 74.210 loading class java/time/ZonedDateTime$1 done
Event: 74.264 Thread 0x000002b790adb130 Thread exited: 0x000002b790adb130
Event: 74.280 Thread 0x000002b790adeba0 Thread exited: 0x000002b790adeba0
Event: 74.326 Executing  VM operation: ParallelGCFailedAllocation
Event: 74.872 Thread 0x000002b790add660 Thread added: 0x000002b790add660
Event: 74.872 Thread 0x000002b790ad9bf0 Thread exited: 0x000002b790ad9bf0
Event: 74.874 Executing  VM operation: ParallelGCFailedAllocation done
Event: 74.901 Executing  VM operation: HandshakeAllThreads
Event: 75.108 Executing  VM operation: HandshakeAllThreads done
Event: 75.236 Thread 0x000002b790adbbd0 Thread exited: 0x000002b790adbbd0
Event: 75.292 Thread 0x000002b790add660 Thread exited: 0x000002b790add660
Event: 75.292 Thread 0x000002b790ad96a0 Thread exited: 0x000002b790ad96a0
Event: 75.429 Thread 0x000002b790adcbc0 Thread exited: 0x000002b790adcbc0
Event: 75.654 Thread 0x000002b790ad9150 Thread exited: 0x000002b790ad9150


Dynamic libraries:
0x00007ff6b8f60000 - 0x00007ff6b8f70000 	C:\Program Files\Java\jdk-16.0.1\bin\java.exe
0x00007ffb3ead0000 - 0x00007ffb3ecc5000 	C:\WINDOWS\SYSTEM32\ntdll.dll
0x00007ffb3de90000 - 0x00007ffb3df4d000 	C:\WINDOWS\System32\KERNEL32.DLL
0x00007ffb3c790000 - 0x00007ffb3ca58000 	C:\WINDOWS\System32\KERNELBASE.dll
0x00007ffb3c2f0000 - 0x00007ffb3c3f0000 	C:\WINDOWS\System32\ucrtbase.dll
0x00007ffb33420000 - 0x00007ffb33438000 	C:\Program Files\Java\jdk-16.0.1\bin\jli.dll
0x00007ffb3cb40000 - 0x00007ffb3cbec000 	C:\WINDOWS\System32\ADVAPI32.dll
0x00007ffb3d450000 - 0x00007ffb3d4ee000 	C:\WINDOWS\System32\msvcrt.dll
0x00007ffb3ddf0000 - 0x00007ffb3de8b000 	C:\WINDOWS\System32\sechost.dll
0x00007ffb3e8b0000 - 0x00007ffb3e9db000 	C:\WINDOWS\System32\RPCRT4.dll
0x00007ffb3e640000 - 0x00007ffb3e7e0000 	C:\WINDOWS\System32\USER32.dll
0x00007ffb3cac0000 - 0x00007ffb3cae2000 	C:\WINDOWS\System32\win32u.dll
0x00007ffb3e610000 - 0x00007ffb3e63a000 	C:\WINDOWS\System32\GDI32.dll
0x00007ffb3c5f0000 - 0x00007ffb3c6fb000 	C:\WINDOWS\System32\gdi32full.dll
0x00007ffb3c3f0000 - 0x00007ffb3c48d000 	C:\WINDOWS\System32\msvcp_win.dll
0x00007ffb32ca0000 - 0x00007ffb32cb9000 	C:\Program Files\Java\jdk-16.0.1\bin\VCRUNTIME140.dll
0x00007ffb336f0000 - 0x00007ffb336fa000 	C:\WINDOWS\SYSTEM32\VERSION.dll
0x00007ffb26fb0000 - 0x00007ffb2724a000 	C:\WINDOWS\WinSxS\amd64_microsoft.windows.common-controls_6595b64144ccf1df_6.0.19041.1052_none_60b8f8fd71f5e8cb\COMCTL32.dll
0x00007ffb3ea60000 - 0x00007ffb3ea90000 	C:\WINDOWS\System32\IMM32.DLL
0x00007ffb37700000 - 0x00007ffb3770c000 	C:\Program Files\Java\jdk-16.0.1\bin\vcruntime140_1.dll
0x00007ffb1ca00000 - 0x00007ffb1ca91000 	C:\Program Files\Java\jdk-16.0.1\bin\msvcp140.dll
0x00007ffb19e40000 - 0x00007ffb1a9eb000 	C:\Program Files\Java\jdk-16.0.1\bin\server\jvm.dll
0x00007ffb35ea0000 - 0x00007ffb35ea9000 	C:\WINDOWS\SYSTEM32\WSOCK32.dll
0x00007ffb3e7e0000 - 0x00007ffb3e84b000 	C:\WINDOWS\System32\WS2_32.dll
0x00007ffb32d30000 - 0x00007ffb32d57000 	C:\WINDOWS\SYSTEM32\WINMM.dll
0x00007ffb3e600000 - 0x00007ffb3e608000 	C:\WINDOWS\System32\PSAPI.DLL
0x00007ffb3a160000 - 0x00007ffb3a172000 	C:\WINDOWS\SYSTEM32\kernel.appcore.dll
0x00007ffb353e0000 - 0x00007ffb353ea000 	C:\Program Files\Java\jdk-16.0.1\bin\jimage.dll
0x00007ffb2b1f0000 - 0x00007ffb2b3d4000 	C:\WINDOWS\SYSTEM32\DBGHELP.DLL
0x00007ffb2b970000 - 0x00007ffb2b99c000 	C:\WINDOWS\SYSTEM32\dbgcore.DLL
0x00007ffb3c700000 - 0x00007ffb3c783000 	C:\WINDOWS\System32\bcryptPrimitives.dll
0x00007ffb29f00000 - 0x00007ffb29f25000 	C:\Program Files\Java\jdk-16.0.1\bin\java.dll
0x00007ffb3cd10000 - 0x00007ffb3d44f000 	C:\WINDOWS\System32\SHELL32.dll
0x00007ffb3a360000 - 0x00007ffb3aaf0000 	C:\WINDOWS\SYSTEM32\windows.storage.dll
0x00007ffb3d4f0000 - 0x00007ffb3d845000 	C:\WINDOWS\System32\combase.dll
0x00007ffb3bbb0000 - 0x00007ffb3bbdc000 	C:\WINDOWS\SYSTEM32\Wldp.dll
0x00007ffb3dc30000 - 0x00007ffb3dcde000 	C:\WINDOWS\System32\SHCORE.dll
0x00007ffb3dce0000 - 0x00007ffb3dd35000 	C:\WINDOWS\System32\shlwapi.dll
0x00007ffb3c150000 - 0x00007ffb3c16f000 	C:\WINDOWS\SYSTEM32\profapi.dll
0x00007ffb31620000 - 0x00007ffb31639000 	C:\Program Files\Java\jdk-16.0.1\bin\net.dll
0x00007ffb33fc0000 - 0x00007ffb340cb000 	C:\WINDOWS\SYSTEM32\WINHTTP.dll
0x00007ffb3b920000 - 0x00007ffb3b98a000 	C:\WINDOWS\system32\mswsock.dll
0x00007ffb310f0000 - 0x00007ffb31103000 	C:\Program Files\Java\jdk-16.0.1\bin\nio.dll
0x00007ffb29fa0000 - 0x00007ffb29fb8000 	C:\Program Files\Java\jdk-16.0.1\bin\zip.dll
0x00007ffb3baf0000 - 0x00007ffb3bb08000 	C:\WINDOWS\SYSTEM32\CRYPTSP.dll
0x00007ffb3b2c0000 - 0x00007ffb3b2f4000 	C:\WINDOWS\system32\rsaenh.dll
0x00007ffb3c210000 - 0x00007ffb3c237000 	C:\WINDOWS\System32\bcrypt.dll
0x00007ffb3c110000 - 0x00007ffb3c13e000 	C:\WINDOWS\SYSTEM32\USERENV.dll
0x00007ffb3bb10000 - 0x00007ffb3bb1c000 	C:\WINDOWS\SYSTEM32\CRYPTBASE.dll
0x00007ffb3b610000 - 0x00007ffb3b64b000 	C:\WINDOWS\SYSTEM32\IPHLPAPI.DLL
0x00007ffb3db30000 - 0x00007ffb3db38000 	C:\WINDOWS\System32\NSI.dll
0x00007ffb34b60000 - 0x00007ffb34b77000 	C:\WINDOWS\SYSTEM32\dhcpcsvc6.DLL
0x00007ffb35130000 - 0x00007ffb3514d000 	C:\WINDOWS\SYSTEM32\dhcpcsvc.DLL
0x00007ffb3b650000 - 0x00007ffb3b71c000 	C:\WINDOWS\SYSTEM32\DNSAPI.dll
0x00007ffb29e00000 - 0x00007ffb29e3e000 	C:\Users\User\AppData\Roaming\Code\User\globalStorage\redhat.java\0.80.0\config_win\org.eclipse.equinox.launcher\org.eclipse.equinox.launcher.win32.win32.x86_64_1.2.300.v20210617-0451\eclipse_11502.dll
0x00007ffb33dc0000 - 0x00007ffb33dd0000 	C:\Program Files\Java\jdk-16.0.1\bin\verify.dll
0x00007ffb32510000 - 0x00007ffb32521000 	C:\Users\User\AppData\Roaming\Code\User\globalStorage\redhat.java\0.80.0\config_win\org.eclipse.osgi\23\0\.cp\jWinHttp-1.0.0.dll
0x00007ffb3d930000 - 0x00007ffb3da5a000 	C:\WINDOWS\System32\ole32.dll

dbghelp: loaded successfully - version: 4.0.5 - missing functions: none
symbol engine: initialized successfully - sym options: 0x614 - pdb path: .;C:\Program Files\Java\jdk-16.0.1\bin;C:\WINDOWS\SYSTEM32;C:\WINDOWS\WinSxS\amd64_microsoft.windows.common-controls_6595b64144ccf1df_6.0.19041.1052_none_60b8f8fd71f5e8cb;C:\Program Files\Java\jdk-16.0.1\bin\server;C:\Users\User\AppData\Roaming\Code\User\globalStorage\redhat.java\0.80.0\config_win\org.eclipse.equinox.launcher\org.eclipse.equinox.launcher.win32.win32.x86_64_1.2.300.v20210617-0451;C:\Users\User\AppData\Roaming\Code\User\globalStorage\redhat.java\0.80.0\config_win\org.eclipse.osgi\23\0\.cp

VM Arguments:
jvm_args: --add-modules=ALL-SYSTEM --add-opens=java.base/java.util=ALL-UNNAMED --add-opens=java.base/java.lang=ALL-UNNAMED -Declipse.application=org.eclipse.jdt.ls.core.id1 -Dosgi.bundles.defaultStartLevel=4 -Declipse.product=org.eclipse.jdt.ls.core.product -Dfile.encoding=utf8 -DwatchParentProcess=false -XX:+UseParallelGC -XX:GCTimeRatio=4 -XX:AdaptiveSizePolicyWeight=90 -Dsun.zip.disableMemoryMapping=true -Xmx1G -Xms100m 
java_command: c:\Users\User\.vscode\extensions\redhat.java-0.80.0\server\plugins\org.eclipse.equinox.launcher_1.6.200.v20210416-2027.jar -configuration c:\Users\User\AppData\Roaming\Code\User\globalStorage\redhat.java\0.80.0\config_win -data c:\Users\User\AppData\Roaming\Code\User\workspaceStorage\2967be04b816d9ae474d0869f495e677\redhat.java\jdt_ws
java_class_path (initial): c:\Users\User\.vscode\extensions\redhat.java-0.80.0\server\plugins\org.eclipse.equinox.launcher_1.6.200.v20210416-2027.jar
Launcher Type: SUN_STANDARD

[Global flags]
    uintx AdaptiveSizePolicyWeight                 = 90                                        {product} {command line}
     intx CICompilerCount                          = 2                                         {product} {ergonomic}
    uintx GCTimeRatio                              = 4                                         {product} {command line}
   size_t InitialHeapSize                          = 104857600                                 {product} {command line}
   size_t MaxHeapSize                              = 1073741824                                {product} {command line}
   size_t MaxNewSize                               = 357564416                                 {product} {ergonomic}
   size_t MinHeapDeltaBytes                        = 524288                                    {product} {ergonomic}
   size_t MinHeapSize                              = 104857600                                 {product} {command line}
   size_t NewSize                                  = 34603008                                  {product} {ergonomic}
    uintx NonNMethodCodeHeapSize                   = 5826188                                {pd product} {ergonomic}
    uintx NonProfiledCodeHeapSize                  = 122916026                              {pd product} {ergonomic}
   size_t OldSize                                  = 70254592                                  {product} {ergonomic}
    uintx ProfiledCodeHeapSize                     = 122916026                              {pd product} {ergonomic}
    uintx ReservedCodeCacheSize                    = 251658240                              {pd product} {ergonomic}
     bool SegmentedCodeCache                       = true                                      {product} {ergonomic}
   size_t SoftMaxHeapSize                          = 1073741824                             {manageable} {ergonomic}
     bool UseCompressedClassPointers               = true                           {product lp64_product} {ergonomic}
     bool UseCompressedOops                        = true                           {product lp64_product} {ergonomic}
     bool UseLargePagesIndividualAllocation        = false                                  {pd product} {ergonomic}
     bool UseParallelGC                            = true                                      {product} {command line}

Logging:
Log output configuration:
 #0: stdout all=warning uptime,level,tags
 #1: stderr all=off uptime,level,tags

Environment Variables:
PATH=C:\Program Files\Common Files\Oracle\Java\javapath;C:\WINDOWS\system32;C:\WINDOWS;C:\WINDOWS\System32\Wbem;C:\WINDOWS\System32\WindowsPowerShell\v1.0\;C:\WINDOWS\System32\OpenSSH\;C:\Program Files\Git\cmd;C:\Users\User\AppData\Local\Microsoft\WindowsApps;;C:\Users\User\AppData\Local\Programs\Microsoft VS Code\bin
USERNAME=User
OS=Windows_NT
PROCESSOR_IDENTIFIER=Intel64 Family 6 Model 58 Stepping 9, GenuineIntel



---------------  S Y S T E M  ---------------

OS:
 Windows 10 , 64 bit Build 19041 (10.0.19041.1023)
OS uptime: 4 days 8:52 hours

CPU: total 2 (initial active 2) (2 cores per cpu, 1 threads per core) family 6 model 58 stepping 9 microcode 0x21, cx8, cmov, fxsr, mmx, sse, sse2, sse3, ssse3, sse4.1, sse4.2, popcnt, tsc, tscinvbit, erms, clmul, clflush

Memory: 4k page, system-wide physical 1933M (126M free)
TotalPageFile size 7821M (AvailPageFile size 14M)
current process WorkingSet (physical memory assigned to process): 226M, peak: 226M
current process commit charge ("private bytes"): 306M, peak: 907M

vm_info: Java HotSpot(TM) 64-Bit Server VM (16.0.1+9-24) for windows-amd64 JRE (16.0.1+9-24), built on Mar 26 2021 19:31:42 by "mach5one" with MS VC++ 16.7 (VS2019)

END.
