#
# There is insufficient memory for the Java Runtime Environment to continue.
# Native memory allocation (malloc) failed to allocate 2720272 bytes for Chunk::new
# Possible reasons:
#   The system is out of physical RAM or swap space
#   The process is running with CompressedOops enabled, and the Java Heap may be blocking the growth of the native heap
# Possible solutions:
#   Reduce memory load on the system
#   Increase physical memory or swap space
#   Check if swap backing store is full
#   Decrease Java heap size (-Xmx/-Xms)
#   Decrease number of Java threads
#   Decrease Java thread stack sizes (-Xss)
#   Set larger code cache with -XX:ReservedCodeCacheSize=
#   JVM is running with Unscaled Compressed Oops mode in which the Java heap is
#     placed in the first 4GB address space. The Java Heap base address is the
#     maximum limit for the native heap growth. Please use -XX:HeapBaseMinAddress
#     to set the Java Heap base and to place the Java Heap above 4GB virtual address.
# This output file may be truncated or incomplete.
#
#  Out of Memory Error (arena.cpp:195), pid=2152, tid=9324
#
# JRE version: Java(TM) SE Runtime Environment (16.0.1+9) (build 16.0.1+9-24)
# Java VM: Java HotSpot(TM) 64-Bit Server VM (16.0.1+9-24, mixed mode, sharing, tiered, compressed oops, compressed class ptrs, parallel gc, windows-amd64)
# No core dump will be written. Minidumps are not enabled by default on client versions of Windows
#

---------------  S U M M A R Y ------------

Command Line: --add-modules=ALL-SYSTEM --add-opens=java.base/java.util=ALL-UNNAMED --add-opens=java.base/java.lang=ALL-UNNAMED -Declipse.application=org.eclipse.jdt.ls.core.id1 -Dosgi.bundles.defaultStartLevel=4 -Declipse.product=org.eclipse.jdt.ls.core.product -Dfile.encoding=utf8 -DwatchParentProcess=false -XX:+UseParallelGC -XX:GCTimeRatio=4 -XX:AdaptiveSizePolicyWeight=90 -Dsun.zip.disableMemoryMapping=true -Xmx1G -Xms100m c:\Users\User\.vscode\extensions\redhat.java-0.80.0\server\plugins\org.eclipse.equinox.launcher_1.6.200.v20210416-2027.jar -configuration c:\Users\User\AppData\Roaming\Code\User\globalStorage\redhat.java\0.80.0\config_win -data c:\Users\User\AppData\Roaming\Code\User\workspaceStorage\2967be04b816d9ae474d0869f495e677\redhat.java\jdt_ws

Host: Intel(R) Celeron(R) CPU 1007U @ 1.50GHz, 2 cores, 1G,  Windows 10 , 64 bit Build 19041 (10.0.19041.1023)
Time: Sat Jul  3 19:03:11 2021 W. Europe Daylight Time elapsed time: 32.621025 seconds (0d 0h 0m 32s)

---------------  T H R E A D  ---------------

Current thread (0x000001f257559520):  JavaThread "C2 CompilerThread0" daemon [_thread_in_native, id=9324, stack(0x000000d988000000,0x000000d988100000)]


Current CompileTask:
C2:  32621 5712       4       org.eclipse.jdt.internal.compiler.lookup.BinaryTypeBinding::createMethod (1689 bytes)

Stack: [0x000000d988000000,0x000000d988100000]
Native frames: (J=compiled Java code, j=interpreted, Vv=VM code, C=native code)
V  [jvm.dll+0x6687ca]
V  [jvm.dll+0x7ca3c9]
V  [jvm.dll+0x7cbb53]
V  [jvm.dll+0x7cc1b3]
V  [jvm.dll+0x242ea5]
V  [jvm.dll+0xadeca]
V  [jvm.dll+0xae5ac]
V  [jvm.dll+0x35af27]
V  [jvm.dll+0x1b9d3a]
V  [jvm.dll+0x216066]
V  [jvm.dll+0x215350]
V  [jvm.dll+0x1a1d9b]
V  [jvm.dll+0x2253a8]
V  [jvm.dll+0x2233ec]
V  [jvm.dll+0x780002]
V  [jvm.dll+0x779b4a]
V  [jvm.dll+0x667666]
C  [ucrtbase.dll+0x21bb2]
C  [KERNEL32.DLL+0x17034]
C  [ntdll.dll+0x52651]


---------------  P R O C E S S  ---------------

Threads class SMR info:
_java_thread_list=0x000001f25b1ae820, length=29, elements={
0x000001f23cd8a390, 0x000001f23ce6b890, 0x000001f23ce6c660, 0x000001f2575531c0,
0x000001f257555ea0, 0x000001f257557b20, 0x000001f257558630, 0x000001f257559520,
0x000001f25755df50, 0x000001f2575d5630, 0x000001f23ce4c150, 0x000001f25898b2e0,
0x000001f2592b6760, 0x000001f25913d5b0, 0x000001f25913dea0, 0x000001f2592e8070,
0x000001f2592a6170, 0x000001f258f54670, 0x000001f258f54120, 0x000001f258f51bf0,
0x000001f258f52be0, 0x000001f258f53bd0, 0x000001f258f516a0, 0x000001f258f53130,
0x000001f258f52140, 0x000001f25e1ec710, 0x000001f25e1ef190, 0x000001f25e1ecc60,
0x000001f25e1ed1b0
}

Java Threads: ( => current thread )
  0x000001f23cd8a390 JavaThread "main" [_thread_blocked, id=4112, stack(0x000000d987700000,0x000000d987800000)]
  0x000001f23ce6b890 JavaThread "Reference Handler" daemon [_thread_blocked, id=9916, stack(0x000000d987a00000,0x000000d987b00000)]
  0x000001f23ce6c660 JavaThread "Finalizer" daemon [_thread_blocked, id=4296, stack(0x000000d987b00000,0x000000d987c00000)]
  0x000001f2575531c0 JavaThread "Signal Dispatcher" daemon [_thread_blocked, id=9236, stack(0x000000d987c00000,0x000000d987d00000)]
  0x000001f257555ea0 JavaThread "Attach Listener" daemon [_thread_blocked, id=2768, stack(0x000000d987d00000,0x000000d987e00000)]
  0x000001f257557b20 JavaThread "Service Thread" daemon [_thread_blocked, id=1884, stack(0x000000d987e00000,0x000000d987f00000)]
  0x000001f257558630 JavaThread "Monitor Deflation Thread" daemon [_thread_blocked, id=3728, stack(0x000000d987f00000,0x000000d988000000)]
=>0x000001f257559520 JavaThread "C2 CompilerThread0" daemon [_thread_in_native, id=9324, stack(0x000000d988000000,0x000000d988100000)]
  0x000001f25755df50 JavaThread "C1 CompilerThread0" daemon [_thread_blocked, id=9340, stack(0x000000d988100000,0x000000d988200000)]
  0x000001f2575d5630 JavaThread "Sweeper thread" daemon [_thread_blocked, id=9704, stack(0x000000d988200000,0x000000d988300000)]
  0x000001f23ce4c150 JavaThread "Common-Cleaner" daemon [_thread_blocked, id=5208, stack(0x000000d988300000,0x000000d988400000)]
  0x000001f25898b2e0 JavaThread "Notification Thread" daemon [_thread_blocked, id=8212, stack(0x000000d988400000,0x000000d988500000)]
  0x000001f2592b6760 JavaThread "Active Thread: Equinox Container: 4ff46b17-7661-47ab-96f4-6c0f439c434b" [_thread_blocked, id=7968, stack(0x000000d988600000,0x000000d988700000)]
  0x000001f25913d5b0 JavaThread "Framework Event Dispatcher: Equinox Container: 4ff46b17-7661-47ab-96f4-6c0f439c434b" daemon [_thread_blocked, id=8808, stack(0x000000d988700000,0x000000d988800000)]
  0x000001f25913dea0 JavaThread "Start Level: Equinox Container: 4ff46b17-7661-47ab-96f4-6c0f439c434b" daemon [_thread_blocked, id=1352, stack(0x000000d988800000,0x000000d988900000)]
  0x000001f2592e8070 JavaThread "SCR Component Actor" daemon [_thread_blocked, id=2004, stack(0x000000d988a00000,0x000000d988b00000)]
  0x000001f2592a6170 JavaThread "Bundle File Closer" daemon [_thread_blocked, id=10200, stack(0x000000d988c00000,0x000000d988d00000)]
  0x000001f258f54670 JavaThread "Worker-JM" [_thread_blocked, id=8128, stack(0x000000d988d00000,0x000000d988e00000)]
  0x000001f258f54120 JavaThread "Worker-0: Register Watchers" [_thread_blocked, id=9840, stack(0x000000d988e00000,0x000000d988f00000)]
  0x000001f258f51bf0 JavaThread "Worker-1: Initialize workspace" [_thread_blocked, id=8652, stack(0x000000d988f00000,0x000000d989000000)]
  0x000001f258f52be0 JavaThread "Worker-2" [_thread_blocked, id=9184, stack(0x000000d989000000,0x000000d989100000)]
  0x000001f258f53bd0 JavaThread "Java indexing" daemon [_thread_blocked, id=8532, stack(0x000000d989100000,0x000000d989200000)]
  0x000001f258f516a0 JavaThread "logback configurator timer" daemon [_thread_blocked, id=4160, stack(0x000000d988b00000,0x000000d988c00000)]
  0x000001f258f53130 JavaThread "pool-2-thread-1" [_thread_in_native, id=9328, stack(0x000000d989200000,0x000000d989300000)]
  0x000001f258f52140 JavaThread "Worker-3: Publish Diagnostics" [_thread_in_Java, id=7660, stack(0x000000d989300000,0x000000d989400000)]
  0x000001f25e1ec710 JavaThread "Worker-4" [_thread_blocked, id=6784, stack(0x000000d989400000,0x000000d989500000)]
  0x000001f25e1ef190 JavaThread "Worker-5" [_thread_blocked, id=3764, stack(0x000000d989500000,0x000000d989600000)]
  0x000001f25e1ecc60 JavaThread "Thread-9" [_thread_in_native, id=7048, stack(0x000000d989700000,0x000000d989800000)]
  0x000001f25e1ed1b0 JavaThread "ForkJoinPool.commonPool-worker-3" daemon [_thread_blocked, id=6316, stack(0x000000d989800000,0x000000d989900000)]

Other Threads:
  0x000001f257544070 VMThread "VM Thread" [stack: 0x000000d987900000,0x000000d987a00000] [id=6760]
  0x000001f25898b800 WatcherThread [stack: 0x000000d988500000,0x000000d988600000] [id=2196]
  0x000001f23cda41a0 GCTaskThread "GC Thread#0" [stack: 0x000000d987800000,0x000000d987900000] [id=5804]
  0x000001f258ffc1f0 GCTaskThread "GC Thread#1" [stack: 0x000000d988900000,0x000000d988a00000] [id=5012]

Threads with active compile tasks:
C2 CompilerThread0    32689 5712       4       org.eclipse.jdt.internal.compiler.lookup.BinaryTypeBinding::createMethod (1689 bytes)
C1 CompilerThread0    32690 5875       2       org.eclipse.jdt.internal.core.util.Util::isExcluded (165 bytes)

VM state: not at safepoint (normal execution)

VM Mutex/Monitor currently owned by a thread: None

Heap address: 0x00000000c0000000, size: 1024 MB, Compressed Oops mode: 32-bit

CDS archive(s) mapped at: [0x0000000800000000-0x0000000800bb0000-0x0000000800bb0000), size 12255232, SharedBaseAddress: 0x0000000800000000, ArchiveRelocationMode: 0.
Compressed class space mapped at: 0x0000000800c00000-0x0000000840c00000, reserved size: 1073741824
Narrow klass base: 0x0000000800000000, Narrow klass shift: 3, Narrow klass range: 0x100000000

GC Precious Log:
 CPUs: 2 total, 2 available
 Memory: 1933M
 Large Page Support: Disabled
 NUMA Support: Disabled
 Compressed Oops: Enabled (32-bit)
 Alignments: Space 512K, Generation 512K, Heap 2M
 Heap Min Capacity: 100M
 Heap Initial Capacity: 100M
 Heap Max Capacity: 1G
 Pre-touch: Disabled
 Parallel Workers: 2

Heap:
 PSYoungGen      total 22528K, used 5155K [0x00000000eab00000, 0x00000000ec980000, 0x0000000100000000)
  eden space 20992K, 17% used [0x00000000eab00000,0x00000000eae89e08,0x00000000ebf80000)
  from space 1536K, 99% used [0x00000000ec400000,0x00000000ec57f0c8,0x00000000ec580000)
  to   space 4608K, 0% used [0x00000000ebf80000,0x00000000ebf80000,0x00000000ec400000)
 ParOldGen       total 68608K, used 32740K [0x00000000c0000000, 0x00000000c4300000, 0x00000000eab00000)
  object space 68608K, 47% used [0x00000000c0000000,0x00000000c1ff9028,0x00000000c4300000)
 Metaspace       used 51633K, committed 52544K, reserved 1097728K
  class space    used 5400K, committed 5760K, reserved 1048576K

Card table byte_map: [0x000001f254ef0000,0x000001f255100000] _byte_map_base: 0x000001f2548f0000

Marking Bits: (ParMarkBitMap*) 0x00007ffb1a930b20
 Begin Bits: [0x000001f255260000, 0x000001f256260000)
 End Bits:   [0x000001f256260000, 0x000001f257260000)

Polling page: 0x000001f23ce70000

Metaspace:

Usage:
  Non-class:     45.15 MB used.
      Class:      5.27 MB used.
       Both:     50.42 MB used.

Virtual space:
  Non-class space:       48.00 MB reserved,      45.69 MB ( 95%) committed,  6 nodes.
      Class space:        1.00 GB reserved,       5.62 MB ( <1%) committed,  1 nodes.
              Both:        1.05 GB reserved,      51.31 MB (  5%) committed. 

Chunk freelists:
   Non-Class:  1.72 MB
       Class:  2.37 MB
        Both:  4.09 MB

MaxMetaspaceSize: 17179869184.00 GB
CompressedClassSpaceSize: 1.00 GB
 - commit_granule_bytes: 65536.
 - commit_granule_words: 8192.
 - virtual_space_node_default_size: 1048576.
 - enlarge_chunks_in_place: 1.
 - new_chunks_are_fully_committed: 0.
 - uncommit_free_chunks: 1.
 - use_allocation_guard: 0.
 - handle_deallocations: 1.


Internal statistics:

num_allocs_failed_limit: 6.
num_arena_births: 328.
num_arena_deaths: 0.
num_vsnodes_births: 7.
num_vsnodes_deaths: 0.
num_space_committed: 821.
num_space_uncommitted: 0.
num_chunks_returned_to_freelist: 6.
num_chunks_taken_from_freelist: 2424.
num_chunk_merges: 6.
num_chunk_splits: 1641.
num_chunks_enlarged: 1110.
num_purges: 0.

CodeHeap 'non-profiled nmethods': size=120064Kb used=2105Kb max_used=2399Kb free=117958Kb
 bounds [0x000001f24d7d0000, 0x000001f24da40000, 0x000001f254d10000]
CodeHeap 'profiled nmethods': size=120000Kb used=10600Kb max_used=11530Kb free=109400Kb
 bounds [0x000001f2462a0000, 0x000001f246e00000, 0x000001f24d7d0000]
CodeHeap 'non-nmethods': size=5696Kb used=1330Kb max_used=1366Kb free=4365Kb
 bounds [0x000001f245d10000, 0x000001f245f80000, 0x000001f2462a0000]
 total_blobs=5652 nmethods=4988 adapters=578
 compilation: enabled
              stopped_count=0, restarted_count=0
 full_count=0

Compilation events (20 events):
Event: 32.476 Thread 0x000001f25755df50 5835   !   2       java.util.concurrent.ConcurrentHashMap::putVal (432 bytes)
Event: 32.478 Thread 0x000001f25755df50 nmethod 5835 0x000001f2469eda90 code [0x000001f2469edd40, 0x000001f2469eeaa8]
Event: 32.479 Thread 0x000001f25755df50 5836       1       org.eclipse.jdt.ls.core.internal.semantictokens.SemanticTokensVisitor$SemanticToken::getOffset (5 bytes)
Event: 32.479 Thread 0x000001f25755df50 nmethod 5836 0x000001f24d9bd910 code [0x000001f24d9bdaa0, 0x000001f24d9bdb78]
Event: 32.480 Thread 0x000001f25755df50 5837       2       com.google.gson.stream.JsonWriter::value (94 bytes)
Event: 32.482 Thread 0x000001f25755df50 nmethod 5837 0x000001f24633f690 code [0x000001f24633f920, 0x000001f24633fe98]
Event: 32.482 Thread 0x000001f25755df50 5839       2       com.google.gson.internal.bind.TypeAdapters$7::write (10 bytes)
Event: 32.482 Thread 0x000001f25755df50 nmethod 5839 0x000001f24633f290 code [0x000001f24633f440, 0x000001f24633f5a8]
Event: 32.483 Thread 0x000001f25755df50 5840       2       java.lang.Integer::toString (8 bytes)
Event: 32.483 Thread 0x000001f25755df50 nmethod 5840 0x000001f246add010 code [0x000001f246add1c0, 0x000001f246add2e8]
Event: 32.483 Thread 0x000001f25755df50 5841       2       java.io.StringWriter::append (6 bytes)
Event: 32.484 Thread 0x000001f25755df50 nmethod 5841 0x000001f24633ed10 code [0x000001f24633eec0, 0x000001f24633f108]
Event: 32.510 Thread 0x000001f25755df50 5842       2       org.eclipse.jdt.core.dom.SimpleName::accept0 (12 bytes)
Event: 32.511 Thread 0x000001f25755df50 nmethod 5842 0x000001f24633e810 code [0x000001f24633e9c0, 0x000001f24633eb38]
Event: 32.533 Thread 0x000001f25755df50 5843       2       org.eclipse.jdt.internal.core.CompilationUnit::equals (40 bytes)
Event: 32.533 Thread 0x000001f25755df50 nmethod 5843 0x000001f246380e10 code [0x000001f246380fc0, 0x000001f246381208]
Event: 32.534 Thread 0x000001f25755df50 5844       1       org.eclipse.jdt.core.dom.ASTNode::getLocationInParent (5 bytes)
Event: 32.534 Thread 0x000001f25755df50 nmethod 5844 0x000001f24d8a7290 code [0x000001f24d8a7420, 0x000001f24d8a74f8]
Event: 32.534 Thread 0x000001f25755df50 5845   !   2       org.eclipse.jdt.internal.core.util.PublicScanner::getNextToken (3933 bytes)
Event: 32.554 Thread 0x000001f25755df50 nmethod 5845 0x000001f24658ef10 code [0x000001f24658fa00, 0x000001f246595028]

GC Heap History (20 events):
Event: 20.366 GC heap before
{Heap before GC invocations=7 (full 1):
 PSYoungGen      total 29184K, used 14149K [0x00000000eab00000, 0x00000000ed080000, 0x0000000100000000)
  eden space 25088K, 40% used [0x00000000eab00000,0x00000000eb4d63b0,0x00000000ec380000)
  from space 4096K, 99% used [0x00000000ec400000,0x00000000ec7fb370,0x00000000ec800000)
  to   space 6656K, 0% used [0x00000000eca00000,0x00000000eca00000,0x00000000ed080000)
 ParOldGen       total 68608K, used 12245K [0x00000000c0000000, 0x00000000c4300000, 0x00000000eab00000)
  object space 68608K, 17% used [0x00000000c0000000,0x00000000c0bf54c8,0x00000000c4300000)
 Metaspace       used 34724K, committed 35456K, reserved 1081344K
  class space    used 3652K, committed 3968K, reserved 1048576K
}
Event: 20.380 GC heap after
{Heap after GC invocations=7 (full 1):
 PSYoungGen      total 30208K, used 4953K [0x00000000eab00000, 0x00000000ecf00000, 0x0000000100000000)
  eden space 25088K, 0% used [0x00000000eab00000,0x00000000eab00000,0x00000000ec380000)
  from space 5120K, 96% used [0x00000000eca00000,0x00000000eced6550,0x00000000ecf00000)
  to   space 5632K, 0% used [0x00000000ec400000,0x00000000ec400000,0x00000000ec980000)
 ParOldGen       total 68608K, used 12245K [0x00000000c0000000, 0x00000000c4300000, 0x00000000eab00000)
  object space 68608K, 17% used [0x00000000c0000000,0x00000000c0bf54c8,0x00000000c4300000)
 Metaspace       used 34724K, committed 35456K, reserved 1081344K
  class space    used 3652K, committed 3968K, reserved 1048576K
}
Event: 20.380 GC heap before
{Heap before GC invocations=8 (full 2):
 PSYoungGen      total 30208K, used 4953K [0x00000000eab00000, 0x00000000ecf00000, 0x0000000100000000)
  eden space 25088K, 0% used [0x00000000eab00000,0x00000000eab00000,0x00000000ec380000)
  from space 5120K, 96% used [0x00000000eca00000,0x00000000eced6550,0x00000000ecf00000)
  to   space 5632K, 0% used [0x00000000ec400000,0x00000000ec400000,0x00000000ec980000)
 ParOldGen       total 68608K, used 12245K [0x00000000c0000000, 0x00000000c4300000, 0x00000000eab00000)
  object space 68608K, 17% used [0x00000000c0000000,0x00000000c0bf54c8,0x00000000c4300000)
 Metaspace       used 34724K, committed 35456K, reserved 1081344K
  class space    used 3652K, committed 3968K, reserved 1048576K
}
Event: 20.483 GC heap after
{Heap after GC invocations=8 (full 2):
 PSYoungGen      total 30208K, used 0K [0x00000000eab00000, 0x00000000ecf00000, 0x0000000100000000)
  eden space 25088K, 0% used [0x00000000eab00000,0x00000000eab00000,0x00000000ec380000)
  from space 5120K, 0% used [0x00000000eca00000,0x00000000eca00000,0x00000000ecf00000)
  to   space 5632K, 0% used [0x00000000ec400000,0x00000000ec400000,0x00000000ec980000)
 ParOldGen       total 68608K, used 15816K [0x00000000c0000000, 0x00000000c4300000, 0x00000000eab00000)
  object space 68608K, 23% used [0x00000000c0000000,0x00000000c0f72078,0x00000000c4300000)
 Metaspace       used 34724K, committed 35456K, reserved 1081344K
  class space    used 3652K, committed 3968K, reserved 1048576K
}
Event: 21.803 GC heap before
{Heap before GC invocations=9 (full 2):
 PSYoungGen      total 30208K, used 25088K [0x00000000eab00000, 0x00000000ecf00000, 0x0000000100000000)
  eden space 25088K, 100% used [0x00000000eab00000,0x00000000ec380000,0x00000000ec380000)
  from space 5120K, 0% used [0x00000000eca00000,0x00000000eca00000,0x00000000ecf00000)
  to   space 5632K, 0% used [0x00000000ec400000,0x00000000ec400000,0x00000000ec980000)
 ParOldGen       total 68608K, used 16235K [0x00000000c0000000, 0x00000000c4300000, 0x00000000eab00000)
  object space 68608K, 23% used [0x00000000c0000000,0x00000000c0fdae38,0x00000000c4300000)
 Metaspace       used 37153K, committed 37888K, reserved 1089536K
  class space    used 3967K, committed 4288K, reserved 1048576K
}
Event: 21.812 GC heap after
{Heap after GC invocations=9 (full 2):
 PSYoungGen      total 27648K, used 2176K [0x00000000eab00000, 0x00000000eca80000, 0x0000000100000000)
  eden space 25088K, 0% used [0x00000000eab00000,0x00000000eab00000,0x00000000ec380000)
  from space 2560K, 85% used [0x00000000ec400000,0x00000000ec620020,0x00000000ec680000)
  to   space 3584K, 0% used [0x00000000ec700000,0x00000000ec700000,0x00000000eca80000)
 ParOldGen       total 68608K, used 16243K [0x00000000c0000000, 0x00000000c4300000, 0x00000000eab00000)
  object space 68608K, 23% used [0x00000000c0000000,0x00000000c0fdce38,0x00000000c4300000)
 Metaspace       used 37153K, committed 37888K, reserved 1089536K
  class space    used 3967K, committed 4288K, reserved 1048576K
}
Event: 23.030 GC heap before
{Heap before GC invocations=10 (full 2):
 PSYoungGen      total 27648K, used 27264K [0x00000000eab00000, 0x00000000eca80000, 0x0000000100000000)
  eden space 25088K, 100% used [0x00000000eab00000,0x00000000ec380000,0x00000000ec380000)
  from space 2560K, 85% used [0x00000000ec400000,0x00000000ec620020,0x00000000ec680000)
  to   space 3584K, 0% used [0x00000000ec700000,0x00000000ec700000,0x00000000eca80000)
 ParOldGen       total 68608K, used 16245K [0x00000000c0000000, 0x00000000c4300000, 0x00000000eab00000)
  object space 68608K, 23% used [0x00000000c0000000,0x00000000c0fdd6f8,0x00000000c4300000)
 Metaspace       used 37985K, committed 38784K, reserved 1089536K
  class space    used 4074K, committed 4416K, reserved 1048576K
}
Event: 23.043 GC heap after
{Heap after GC invocations=10 (full 2):
 PSYoungGen      total 27136K, used 3552K [0x00000000eab00000, 0x00000000ecd00000, 0x0000000100000000)
  eden space 23552K, 0% used [0x00000000eab00000,0x00000000eab00000,0x00000000ec200000)
  from space 3584K, 99% used [0x00000000ec700000,0x00000000eca78020,0x00000000eca80000)
  to   space 5120K, 0% used [0x00000000ec200000,0x00000000ec200000,0x00000000ec700000)
 ParOldGen       total 68608K, used 17085K [0x00000000c0000000, 0x00000000c4300000, 0x00000000eab00000)
  object space 68608K, 24% used [0x00000000c0000000,0x00000000c10af6f8,0x00000000c4300000)
 Metaspace       used 37985K, committed 38784K, reserved 1089536K
  class space    used 4074K, committed 4416K, reserved 1048576K
}
Event: 23.561 GC heap before
{Heap before GC invocations=11 (full 2):
 PSYoungGen      total 27136K, used 27104K [0x00000000eab00000, 0x00000000ecd00000, 0x0000000100000000)
  eden space 23552K, 100% used [0x00000000eab00000,0x00000000ec200000,0x00000000ec200000)
  from space 3584K, 99% used [0x00000000ec700000,0x00000000eca78020,0x00000000eca80000)
  to   space 5120K, 0% used [0x00000000ec200000,0x00000000ec200000,0x00000000ec700000)
 ParOldGen       total 68608K, used 17085K [0x00000000c0000000, 0x00000000c4300000, 0x00000000eab00000)
  object space 68608K, 24% used [0x00000000c0000000,0x00000000c10af6f8,0x00000000c4300000)
 Metaspace       used 38275K, committed 39040K, reserved 1089536K
  class space    used 4122K, committed 4480K, reserved 1048576K
}
Event: 23.576 GC heap after
{Heap after GC invocations=11 (full 2):
 PSYoungGen      total 28160K, used 5088K [0x00000000eab00000, 0x00000000ece80000, 0x0000000100000000)
  eden space 23040K, 0% used [0x00000000eab00000,0x00000000eab00000,0x00000000ec180000)
  from space 5120K, 99% used [0x00000000ec200000,0x00000000ec6f8030,0x00000000ec700000)
  to   space 6656K, 0% used [0x00000000ec800000,0x00000000ec800000,0x00000000ece80000)
 ParOldGen       total 68608K, used 18201K [0x00000000c0000000, 0x00000000c4300000, 0x00000000eab00000)
  object space 68608K, 26% used [0x00000000c0000000,0x00000000c11c6708,0x00000000c4300000)
 Metaspace       used 38275K, committed 39040K, reserved 1089536K
  class space    used 4122K, committed 4480K, reserved 1048576K
}
Event: 24.040 GC heap before
{Heap before GC invocations=12 (full 2):
 PSYoungGen      total 28160K, used 28128K [0x00000000eab00000, 0x00000000ece80000, 0x0000000100000000)
  eden space 23040K, 100% used [0x00000000eab00000,0x00000000ec180000,0x00000000ec180000)
  from space 5120K, 99% used [0x00000000ec200000,0x00000000ec6f8030,0x00000000ec700000)
  to   space 6656K, 0% used [0x00000000ec800000,0x00000000ec800000,0x00000000ece80000)
 ParOldGen       total 68608K, used 18201K [0x00000000c0000000, 0x00000000c4300000, 0x00000000eab00000)
  object space 68608K, 26% used [0x00000000c0000000,0x00000000c11c6708,0x00000000c4300000)
 Metaspace       used 38680K, committed 39424K, reserved 1089536K
  class space    used 4160K, committed 4480K, reserved 1048576K
}
Event: 24.061 GC heap after
{Heap after GC invocations=12 (full 2):
 PSYoungGen      total 27136K, used 4480K [0x00000000eab00000, 0x00000000ecc80000, 0x0000000100000000)
  eden space 22528K, 0% used [0x00000000eab00000,0x00000000eab00000,0x00000000ec100000)
  from space 4608K, 97% used [0x00000000ec800000,0x00000000ecc60020,0x00000000ecc80000)
  to   space 5120K, 0% used [0x00000000ec280000,0x00000000ec280000,0x00000000ec780000)
 ParOldGen       total 68608K, used 21233K [0x00000000c0000000, 0x00000000c4300000, 0x00000000eab00000)
  object space 68608K, 30% used [0x00000000c0000000,0x00000000c14bc418,0x00000000c4300000)
 Metaspace       used 38680K, committed 39424K, reserved 1089536K
  class space    used 4160K, committed 4480K, reserved 1048576K
}
Event: 24.433 GC heap before
{Heap before GC invocations=13 (full 2):
 PSYoungGen      total 27136K, used 27008K [0x00000000eab00000, 0x00000000ecc80000, 0x0000000100000000)
  eden space 22528K, 100% used [0x00000000eab00000,0x00000000ec100000,0x00000000ec100000)
  from space 4608K, 97% used [0x00000000ec800000,0x00000000ecc60020,0x00000000ecc80000)
  to   space 5120K, 0% used [0x00000000ec280000,0x00000000ec280000,0x00000000ec780000)
 ParOldGen       total 68608K, used 21233K [0x00000000c0000000, 0x00000000c4300000, 0x00000000eab00000)
  object space 68608K, 30% used [0x00000000c0000000,0x00000000c14bc418,0x00000000c4300000)
 Metaspace       used 39012K, committed 39808K, reserved 1089536K
  class space    used 4182K, committed 4544K, reserved 1048576K
}
Event: 24.452 GC heap after
{Heap after GC invocations=13 (full 2):
 PSYoungGen      total 24576K, used 2400K [0x00000000eab00000, 0x00000000ec880000, 0x0000000100000000)
  eden space 22016K, 0% used [0x00000000eab00000,0x00000000eab00000,0x00000000ec080000)
  from space 2560K, 93% used [0x00000000ec280000,0x00000000ec4d8010,0x00000000ec500000)
  to   space 3584K, 0% used [0x00000000ec500000,0x00000000ec500000,0x00000000ec880000)
 ParOldGen       total 68608K, used 25580K [0x00000000c0000000, 0x00000000c4300000, 0x00000000eab00000)
  object space 68608K, 37% used [0x00000000c0000000,0x00000000c18fb238,0x00000000c4300000)
 Metaspace       used 39012K, committed 39808K, reserved 1089536K
  class space    used 4182K, committed 4544K, reserved 1048576K
}
Event: 26.640 GC heap before
{Heap before GC invocations=14 (full 2):
 PSYoungGen      total 24576K, used 24416K [0x00000000eab00000, 0x00000000ec880000, 0x0000000100000000)
  eden space 22016K, 100% used [0x00000000eab00000,0x00000000ec080000,0x00000000ec080000)
  from space 2560K, 93% used [0x00000000ec280000,0x00000000ec4d8010,0x00000000ec500000)
  to   space 3584K, 0% used [0x00000000ec500000,0x00000000ec500000,0x00000000ec880000)
 ParOldGen       total 68608K, used 25580K [0x00000000c0000000, 0x00000000c4300000, 0x00000000eab00000)
  object space 68608K, 37% used [0x00000000c0000000,0x00000000c18fb238,0x00000000c4300000)
 Metaspace       used 43539K, committed 44352K, reserved 1089536K
  class space    used 4651K, committed 4992K, reserved 1048576K
}
Event: 26.656 GC heap after
{Heap after GC invocations=14 (full 2):
 PSYoungGen      total 25088K, used 2646K [0x00000000eab00000, 0x00000000ec800000, 0x0000000100000000)
  eden space 22016K, 0% used [0x00000000eab00000,0x00000000eab00000,0x00000000ec080000)
  from space 3072K, 86% used [0x00000000ec500000,0x00000000ec795810,0x00000000ec800000)
  to   space 3072K, 0% used [0x00000000ec200000,0x00000000ec200000,0x00000000ec500000)
 ParOldGen       total 68608K, used 27940K [0x00000000c0000000, 0x00000000c4300000, 0x00000000eab00000)
  object space 68608K, 40% used [0x00000000c0000000,0x00000000c1b49248,0x00000000c4300000)
 Metaspace       used 43539K, committed 44352K, reserved 1089536K
  class space    used 4651K, committed 4992K, reserved 1048576K
}
Event: 28.884 GC heap before
{Heap before GC invocations=15 (full 2):
 PSYoungGen      total 25088K, used 24661K [0x00000000eab00000, 0x00000000ec800000, 0x0000000100000000)
  eden space 22016K, 99% used [0x00000000eab00000,0x00000000ec07fe20,0x00000000ec080000)
  from space 3072K, 86% used [0x00000000ec500000,0x00000000ec795810,0x00000000ec800000)
  to   space 3072K, 0% used [0x00000000ec200000,0x00000000ec200000,0x00000000ec500000)
 ParOldGen       total 68608K, used 27940K [0x00000000c0000000, 0x00000000c4300000, 0x00000000eab00000)
  object space 68608K, 40% used [0x00000000c0000000,0x00000000c1b49248,0x00000000c4300000)
 Metaspace       used 46757K, committed 47552K, reserved 1097728K
  class space    used 4941K, committed 5248K, reserved 1048576K
}
Event: 28.894 GC heap after
{Heap after GC invocations=15 (full 2):
 PSYoungGen      total 23040K, used 639K [0x00000000eab00000, 0x00000000ec580000, 0x0000000100000000)
  eden space 22016K, 0% used [0x00000000eab00000,0x00000000eab00000,0x00000000ec080000)
  from space 1024K, 62% used [0x00000000ec200000,0x00000000ec29fed0,0x00000000ec300000)
  to   space 1536K, 0% used [0x00000000ec400000,0x00000000ec400000,0x00000000ec580000)
 ParOldGen       total 68608K, used 30450K [0x00000000c0000000, 0x00000000c4300000, 0x00000000eab00000)
  object space 68608K, 44% used [0x00000000c0000000,0x00000000c1dbcad0,0x00000000c4300000)
 Metaspace       used 46757K, committed 47552K, reserved 1097728K
  class space    used 4941K, committed 5248K, reserved 1048576K
}
Event: 32.078 GC heap before
{Heap before GC invocations=16 (full 2):
 PSYoungGen      total 23040K, used 22655K [0x00000000eab00000, 0x00000000ec580000, 0x0000000100000000)
  eden space 22016K, 100% used [0x00000000eab00000,0x00000000ec080000,0x00000000ec080000)
  from space 1024K, 62% used [0x00000000ec200000,0x00000000ec29fed0,0x00000000ec300000)
  to   space 1536K, 0% used [0x00000000ec400000,0x00000000ec400000,0x00000000ec580000)
 ParOldGen       total 68608K, used 30450K [0x00000000c0000000, 0x00000000c4300000, 0x00000000eab00000)
  object space 68608K, 44% used [0x00000000c0000000,0x00000000c1dbcad0,0x00000000c4300000)
 Metaspace       used 51104K, committed 51968K, reserved 1097728K
  class space    used 5346K, committed 5696K, reserved 1048576K
}
Event: 32.091 GC heap after
{Heap after GC invocations=16 (full 2):
 PSYoungGen      total 22528K, used 1532K [0x00000000eab00000, 0x00000000ec980000, 0x0000000100000000)
  eden space 20992K, 0% used [0x00000000eab00000,0x00000000eab00000,0x00000000ebf80000)
  from space 1536K, 99% used [0x00000000ec400000,0x00000000ec57f0c8,0x00000000ec580000)
  to   space 4608K, 0% used [0x00000000ebf80000,0x00000000ebf80000,0x00000000ec400000)
 ParOldGen       total 68608K, used 32740K [0x00000000c0000000, 0x00000000c4300000, 0x00000000eab00000)
  object space 68608K, 47% used [0x00000000c0000000,0x00000000c1ff9028,0x00000000c4300000)
 Metaspace       used 51104K, committed 51968K, reserved 1097728K
  class space    used 5346K, committed 5696K, reserved 1048576K
}

Deoptimization events (20 events):
Event: 32.366 Thread 0x000001f258f52140 Uncommon trap: trap_request=0xffffffc6 fr.pc=0x000001f24d938f20 relative=0x00000000000007a0
Event: 32.366 Thread 0x000001f258f52140 Uncommon trap: reason=bimorphic_or_optimized_type_check action=maybe_recompile pc=0x000001f24d938f20 method=org.eclipse.jdt.internal.compiler.parser.Parser.consumeRule(I)V @ 4233 c2
Event: 32.366 Thread 0x000001f258f52140 DEOPT PACKING pc=0x000001f24d938f20 sp=0x000000d9893fd9d0
Event: 32.366 Thread 0x000001f258f52140 DEOPT UNPACKING pc=0x000001f245d5d428 sp=0x000000d9893fd970 mode 2
Event: 32.366 Thread 0x000001f258f52140 Uncommon trap: trap_request=0xffffffc6 fr.pc=0x000001f24d938fe0 relative=0x0000000000000860
Event: 32.366 Thread 0x000001f258f52140 Uncommon trap: reason=bimorphic_or_optimized_type_check action=maybe_recompile pc=0x000001f24d938fe0 method=org.eclipse.jdt.internal.compiler.parser.Parser.consumeRule(I)V @ 4355 c2
Event: 32.366 Thread 0x000001f258f52140 DEOPT PACKING pc=0x000001f24d938fe0 sp=0x000000d9893fd9d0
Event: 32.366 Thread 0x000001f258f52140 DEOPT UNPACKING pc=0x000001f245d5d428 sp=0x000000d9893fd970 mode 2
Event: 32.373 Thread 0x000001f258f52140 Uncommon trap: trap_request=0xffffffde fr.pc=0x000001f24d9391c0 relative=0x0000000000000a40
Event: 32.373 Thread 0x000001f258f52140 Uncommon trap: reason=class_check action=maybe_recompile pc=0x000001f24d9391c0 method=org.eclipse.jdt.internal.compiler.parser.Parser.consumeRule(I)V @ 4156 c2
Event: 32.373 Thread 0x000001f258f52140 DEOPT PACKING pc=0x000001f24d9391c0 sp=0x000000d9893fd9d0
Event: 32.373 Thread 0x000001f258f52140 DEOPT UNPACKING pc=0x000001f245d5d428 sp=0x000000d9893fd970 mode 2
Event: 32.373 Thread 0x000001f258f52140 Uncommon trap: trap_request=0xffffffde fr.pc=0x000001f24d93919c relative=0x0000000000000a1c
Event: 32.373 Thread 0x000001f258f52140 Uncommon trap: reason=class_check action=maybe_recompile pc=0x000001f24d93919c method=org.eclipse.jdt.internal.compiler.parser.Parser.consumeRule(I)V @ 4142 c2
Event: 32.373 Thread 0x000001f258f52140 DEOPT PACKING pc=0x000001f24d93919c sp=0x000000d9893fd9d0
Event: 32.373 Thread 0x000001f258f52140 DEOPT UNPACKING pc=0x000001f245d5d428 sp=0x000000d9893fd970 mode 2
Event: 32.373 Thread 0x000001f258f52140 Uncommon trap: trap_request=0xffffffc6 fr.pc=0x000001f24d938f20 relative=0x00000000000007a0
Event: 32.373 Thread 0x000001f258f52140 Uncommon trap: reason=bimorphic_or_optimized_type_check action=maybe_recompile pc=0x000001f24d938f20 method=org.eclipse.jdt.internal.compiler.parser.Parser.consumeRule(I)V @ 4233 c2
Event: 32.373 Thread 0x000001f258f52140 DEOPT PACKING pc=0x000001f24d938f20 sp=0x000000d9893fd9d0
Event: 32.373 Thread 0x000001f258f52140 DEOPT UNPACKING pc=0x000001f245d5d428 sp=0x000000d9893fd970 mode 2

Classes unloaded (0 events):
No events

Classes redefined (0 events):
No events

Internal exceptions (20 events):
Event: 29.508 Thread 0x000001f25e1ef190 Exception <a 'java/lang/ArrayIndexOutOfBoundsException'{0x00000000eaf09218}> (0x00000000eaf09218) 
thrown [t:\workspace\open\src\hotspot\share\runtime\sharedRuntime.cpp, line 624]
Event: 29.583 Thread 0x000001f25e1ed700 Exception <a 'java/lang/NoSuchMethodError'{0x00000000eaf75ba0}: 'int java.lang.invoke.DirectMethodHandle$Holder.invokeSpecial(java.lang.Object, java.lang.Object, java.lang.Object)'> (0x00000000eaf75ba0) 
thrown [t:\workspace\open\src\hotspot\share\interpreter\linkResolver.cpp, line 790]
Event: 29.672 Thread 0x000001f25e1ec710 Exception <a 'java/lang/ArrayIndexOutOfBoundsException'{0x00000000eb0612a8}> (0x00000000eb0612a8) 
thrown [t:\workspace\open\src\hotspot\share\runtime\sharedRuntime.cpp, line 624]
Event: 29.880 Thread 0x000001f25e1ef190 Exception <a 'java/lang/ArrayIndexOutOfBoundsException'{0x00000000eb2f1b50}> (0x00000000eb2f1b50) 
thrown [t:\workspace\open\src\hotspot\share\runtime\sharedRuntime.cpp, line 624]
Event: 29.922 Thread 0x000001f25e1ef190 Exception <a 'java/lang/NoSuchMethodError'{0x00000000eb35b9e0}: 'int java.lang.invoke.DirectMethodHandle$Holder.invokeStatic(java.lang.Object, java.lang.Object, java.lang.Object, int)'> (0x00000000eb35b9e0) 
thrown [t:\workspace\open\src\hotspot\share\interpreter\linkResolver.cpp, line 790]
Event: 30.399 Thread 0x000001f25e1ed1b0 Exception <a 'java/lang/ArrayIndexOutOfBoundsException'{0x00000000eb5e2038}: Index 644 out of bounds for length 644> (0x00000000eb5e2038) 
thrown [t:\workspace\open\src\hotspot\share\interpreter\interpreterRuntime.cpp, line 425]
Event: 30.399 Thread 0x000001f25e1ed1b0 Exception <a 'java/lang/ArrayIndexOutOfBoundsException'{0x00000000eb5e2358}: Index 645 out of bounds for length 644> (0x00000000eb5e2358) 
thrown [t:\workspace\open\src\hotspot\share\interpreter\interpreterRuntime.cpp, line 425]
Event: 30.693 Thread 0x000001f25e1ed700 Exception <a 'java/lang/NoSuchMethodError'{0x00000000eb64d3a0}: 'java.lang.Object java.lang.invoke.DirectMethodHandle$Holder.invokeStatic(java.lang.Object, int, java.lang.Object)'> (0x00000000eb64d3a0) 
thrown [t:\workspace\open\src\hotspot\share\interpreter\linkResolver.cpp, line 790]
Event: 30.703 Thread 0x000001f25e1ed700 Exception <a 'java/lang/ClassNotFoundException'{0x00000000eb6d4d68}: sun/util/logging/resources/spi/loggingProvider> (0x00000000eb6d4d68) 
thrown [t:\workspace\open\src\hotspot\share\classfile\systemDictionary.cpp, line 256]
Event: 30.743 Thread 0x000001f25e1ef190 Exception <a 'java/lang/ArrayIndexOutOfBoundsException'{0x00000000eb7b0b48}> (0x00000000eb7b0b48) 
thrown [t:\workspace\open\src\hotspot\share\runtime\sharedRuntime.cpp, line 624]
Event: 30.789 Thread 0x000001f25e1ef190 Exception <a 'java/lang/ArrayIndexOutOfBoundsException'{0x00000000eb7bd008}> (0x00000000eb7bd008) 
thrown [t:\workspace\open\src\hotspot\share\runtime\sharedRuntime.cpp, line 624]
Event: 30.802 Thread 0x000001f25e1ef190 Exception <a 'java/lang/ArrayIndexOutOfBoundsException'{0x00000000eb7f9c60}> (0x00000000eb7f9c60) 
thrown [t:\workspace\open\src\hotspot\share\runtime\sharedRuntime.cpp, line 624]
Event: 30.803 Thread 0x000001f25e1ef190 Exception <a 'java/lang/ArrayIndexOutOfBoundsException'{0x00000000eb7fdb00}> (0x00000000eb7fdb00) 
thrown [t:\workspace\open\src\hotspot\share\runtime\sharedRuntime.cpp, line 624]
Event: 30.817 Thread 0x000001f25e1ef190 Exception <a 'java/lang/ArrayIndexOutOfBoundsException'{0x00000000eb81de58}> (0x00000000eb81de58) 
thrown [t:\workspace\open\src\hotspot\share\runtime\sharedRuntime.cpp, line 624]
Event: 30.820 Thread 0x000001f25e1ef190 Exception <a 'java/lang/ArrayIndexOutOfBoundsException'{0x00000000eb820198}> (0x00000000eb820198) 
thrown [t:\workspace\open\src\hotspot\share\runtime\sharedRuntime.cpp, line 624]
Event: 30.858 Thread 0x000001f25e1ef190 Exception <a 'java/lang/ArrayIndexOutOfBoundsException'{0x00000000eb842fa0}> (0x00000000eb842fa0) 
thrown [t:\workspace\open\src\hotspot\share\runtime\sharedRuntime.cpp, line 624]
Event: 30.919 Thread 0x000001f25e1ef190 Exception <a 'java/lang/ArrayIndexOutOfBoundsException'{0x00000000eb84a0f8}> (0x00000000eb84a0f8) 
thrown [t:\workspace\open\src\hotspot\share\runtime\sharedRuntime.cpp, line 624]
Event: 30.929 Thread 0x000001f25e1ef190 Exception <a 'java/lang/ArrayIndexOutOfBoundsException'{0x00000000eb86e048}> (0x00000000eb86e048) 
thrown [t:\workspace\open\src\hotspot\share\runtime\sharedRuntime.cpp, line 624]
Event: 30.931 Thread 0x000001f25e1ef190 Exception <a 'java/lang/ArrayIndexOutOfBoundsException'{0x00000000eb870ba0}> (0x00000000eb870ba0) 
thrown [t:\workspace\open\src\hotspot\share\runtime\sharedRuntime.cpp, line 624]
Event: 31.250 Thread 0x000001f25e1ef190 Exception <a 'java/lang/ArrayIndexOutOfBoundsException'{0x00000000ebb27fd8}> (0x00000000ebb27fd8) 
thrown [t:\workspace\open\src\hotspot\share\runtime\sharedRuntime.cpp, line 624]

Events (20 events):
Event: 30.705 loading class java/util/Formatter$DateTime done
Event: 30.706 loading class java/time/ZonedDateTime$1
Event: 30.706 loading class java/time/ZonedDateTime$1 done
Event: 30.769 Thread 0x000001f25e1ed700 Thread exited: 0x000001f25e1ed700
Event: 31.119 Executing  VM operation: HandshakeAllThreads
Event: 31.140 Executing  VM operation: HandshakeAllThreads done
Event: 31.141 loading class jdk/internal/reflect/UnsafeQualifiedObjectFieldAccessorImpl
Event: 31.141 loading class jdk/internal/reflect/UnsafeQualifiedObjectFieldAccessorImpl done
Event: 31.171 Thread 0x000001f25e1edc50 Thread exited: 0x000001f25e1edc50
Event: 31.213 loading class javax/xml/transform/TransformerConfigurationException
Event: 31.213 loading class javax/xml/transform/TransformerConfigurationException done
Event: 31.570 Executing  VM operation: ICBufferFull
Event: 31.571 Executing  VM operation: ICBufferFull done
Event: 31.801 Thread 0x000001f25e1ed700 Thread added: 0x000001f25e1ed700
Event: 31.993 Executing  VM operation: HandshakeAllThreads
Event: 32.077 Executing  VM operation: HandshakeAllThreads done
Event: 32.078 Executing  VM operation: ParallelGCFailedAllocation
Event: 32.191 Executing  VM operation: ParallelGCFailedAllocation done
Event: 32.485 Thread 0x000001f25e1ed700 Thread exited: 0x000001f25e1ed700
Event: 32.488 Thread 0x000001f25e1ee6f0 Thread exited: 0x000001f25e1ee6f0


Dynamic libraries:
0x00007ff6b8f60000 - 0x00007ff6b8f70000 	C:\Program Files\Java\jdk-16.0.1\bin\java.exe
0x00007ffb3ead0000 - 0x00007ffb3ecc5000 	C:\WINDOWS\SYSTEM32\ntdll.dll
0x00007ffb3de90000 - 0x00007ffb3df4d000 	C:\WINDOWS\System32\KERNEL32.DLL
0x00007ffb3c790000 - 0x00007ffb3ca58000 	C:\WINDOWS\System32\KERNELBASE.dll
0x00007ffb3c2f0000 - 0x00007ffb3c3f0000 	C:\WINDOWS\System32\ucrtbase.dll
0x00007ffb33420000 - 0x00007ffb33438000 	C:\Program Files\Java\jdk-16.0.1\bin\jli.dll
0x00007ffb3cb40000 - 0x00007ffb3cbec000 	C:\WINDOWS\System32\ADVAPI32.dll
0x00007ffb3d450000 - 0x00007ffb3d4ee000 	C:\WINDOWS\System32\msvcrt.dll
0x00007ffb3ddf0000 - 0x00007ffb3de8b000 	C:\WINDOWS\System32\sechost.dll
0x00007ffb32d00000 - 0x00007ffb32d19000 	C:\Program Files\Java\jdk-16.0.1\bin\VCRUNTIME140.dll
0x00007ffb3e8b0000 - 0x00007ffb3e9db000 	C:\WINDOWS\System32\RPCRT4.dll
0x00007ffb3e640000 - 0x00007ffb3e7e0000 	C:\WINDOWS\System32\USER32.dll
0x00007ffb3cac0000 - 0x00007ffb3cae2000 	C:\WINDOWS\System32\win32u.dll
0x00007ffb3e610000 - 0x00007ffb3e63a000 	C:\WINDOWS\System32\GDI32.dll
0x00007ffb3c5f0000 - 0x00007ffb3c6fb000 	C:\WINDOWS\System32\gdi32full.dll
0x00007ffb3c3f0000 - 0x00007ffb3c48d000 	C:\WINDOWS\System32\msvcp_win.dll
0x00007ffb26fb0000 - 0x00007ffb2724a000 	C:\WINDOWS\WinSxS\amd64_microsoft.windows.common-controls_6595b64144ccf1df_6.0.19041.1052_none_60b8f8fd71f5e8cb\COMCTL32.dll
0x00007ffb336f0000 - 0x00007ffb336fa000 	C:\WINDOWS\SYSTEM32\VERSION.dll
0x00007ffb3ea60000 - 0x00007ffb3ea90000 	C:\WINDOWS\System32\IMM32.DLL
0x00007ffb37700000 - 0x00007ffb3770c000 	C:\Program Files\Java\jdk-16.0.1\bin\vcruntime140_1.dll
0x00007ffb29ca0000 - 0x00007ffb29d31000 	C:\Program Files\Java\jdk-16.0.1\bin\msvcp140.dll
0x00007ffb19e40000 - 0x00007ffb1a9eb000 	C:\Program Files\Java\jdk-16.0.1\bin\server\jvm.dll
0x00007ffb3e600000 - 0x00007ffb3e608000 	C:\WINDOWS\System32\PSAPI.DLL
0x00007ffb35ea0000 - 0x00007ffb35ea9000 	C:\WINDOWS\SYSTEM32\WSOCK32.dll
0x00007ffb3e7e0000 - 0x00007ffb3e84b000 	C:\WINDOWS\System32\WS2_32.dll
0x00007ffb32d30000 - 0x00007ffb32d57000 	C:\WINDOWS\SYSTEM32\WINMM.dll
0x00007ffb3a160000 - 0x00007ffb3a172000 	C:\WINDOWS\SYSTEM32\kernel.appcore.dll
0x00007ffb353e0000 - 0x00007ffb353ea000 	C:\Program Files\Java\jdk-16.0.1\bin\jimage.dll
0x00007ffb2b1f0000 - 0x00007ffb2b3d4000 	C:\WINDOWS\SYSTEM32\DBGHELP.DLL
0x00007ffb2b970000 - 0x00007ffb2b99c000 	C:\WINDOWS\SYSTEM32\dbgcore.DLL
0x00007ffb3c700000 - 0x00007ffb3c783000 	C:\WINDOWS\System32\bcryptPrimitives.dll
0x00007ffb32cd0000 - 0x00007ffb32cf5000 	C:\Program Files\Java\jdk-16.0.1\bin\java.dll
0x00007ffb3cd10000 - 0x00007ffb3d44f000 	C:\WINDOWS\System32\SHELL32.dll
0x00007ffb3a360000 - 0x00007ffb3aaf0000 	C:\WINDOWS\SYSTEM32\windows.storage.dll
0x00007ffb3d4f0000 - 0x00007ffb3d845000 	C:\WINDOWS\System32\combase.dll
0x00007ffb3bbb0000 - 0x00007ffb3bbdc000 	C:\WINDOWS\SYSTEM32\Wldp.dll
0x00007ffb3dc30000 - 0x00007ffb3dcde000 	C:\WINDOWS\System32\SHCORE.dll
0x00007ffb3dce0000 - 0x00007ffb3dd35000 	C:\WINDOWS\System32\shlwapi.dll
0x00007ffb3c150000 - 0x00007ffb3c16f000 	C:\WINDOWS\SYSTEM32\profapi.dll
0x00007ffb32cb0000 - 0x00007ffb32cc9000 	C:\Program Files\Java\jdk-16.0.1\bin\net.dll
0x00007ffb33fc0000 - 0x00007ffb340cb000 	C:\WINDOWS\SYSTEM32\WINHTTP.dll
0x00007ffb3b920000 - 0x00007ffb3b98a000 	C:\WINDOWS\system32\mswsock.dll
0x00007ffb32c90000 - 0x00007ffb32ca3000 	C:\Program Files\Java\jdk-16.0.1\bin\nio.dll
0x00007ffb32510000 - 0x00007ffb32528000 	C:\Program Files\Java\jdk-16.0.1\bin\zip.dll
0x00007ffb3baf0000 - 0x00007ffb3bb08000 	C:\WINDOWS\SYSTEM32\CRYPTSP.dll
0x00007ffb3b2c0000 - 0x00007ffb3b2f4000 	C:\WINDOWS\system32\rsaenh.dll
0x00007ffb3c210000 - 0x00007ffb3c237000 	C:\WINDOWS\System32\bcrypt.dll
0x00007ffb3c110000 - 0x00007ffb3c13e000 	C:\WINDOWS\SYSTEM32\USERENV.dll
0x00007ffb3bb10000 - 0x00007ffb3bb1c000 	C:\WINDOWS\SYSTEM32\CRYPTBASE.dll
0x00007ffb3b610000 - 0x00007ffb3b64b000 	C:\WINDOWS\SYSTEM32\IPHLPAPI.DLL
0x00007ffb3db30000 - 0x00007ffb3db38000 	C:\WINDOWS\System32\NSI.dll
0x00007ffb34b60000 - 0x00007ffb34b77000 	C:\WINDOWS\SYSTEM32\dhcpcsvc6.DLL
0x00007ffb35130000 - 0x00007ffb3514d000 	C:\WINDOWS\SYSTEM32\dhcpcsvc.DLL
0x00007ffb3b650000 - 0x00007ffb3b71c000 	C:\WINDOWS\SYSTEM32\DNSAPI.dll
0x00007ffb324d0000 - 0x00007ffb3250e000 	C:\Users\User\AppData\Roaming\Code\User\globalStorage\redhat.java\0.80.0\config_win\org.eclipse.equinox.launcher\org.eclipse.equinox.launcher.win32.win32.x86_64_1.2.300.v20210617-0451\eclipse_11502.dll
0x00007ffb33dc0000 - 0x00007ffb33dd0000 	C:\Program Files\Java\jdk-16.0.1\bin\verify.dll
0x00007ffb31620000 - 0x00007ffb31631000 	C:\Users\User\AppData\Roaming\Code\User\globalStorage\redhat.java\0.80.0\config_win\org.eclipse.osgi\23\0\.cp\jWinHttp-1.0.0.dll
0x00007ffb3d930000 - 0x00007ffb3da5a000 	C:\WINDOWS\System32\ole32.dll

dbghelp: loaded successfully - version: 4.0.5 - missing functions: none
symbol engine: initialized successfully - sym options: 0x614 - pdb path: .;C:\Program Files\Java\jdk-16.0.1\bin;C:\WINDOWS\SYSTEM32;C:\WINDOWS\WinSxS\amd64_microsoft.windows.common-controls_6595b64144ccf1df_6.0.19041.1052_none_60b8f8fd71f5e8cb;C:\Program Files\Java\jdk-16.0.1\bin\server;C:\Users\User\AppData\Roaming\Code\User\globalStorage\redhat.java\0.80.0\config_win\org.eclipse.equinox.launcher\org.eclipse.equinox.launcher.win32.win32.x86_64_1.2.300.v20210617-0451;C:\Users\User\AppData\Roaming\Code\User\globalStorage\redhat.java\0.80.0\config_win\org.eclipse.osgi\23\0\.cp

VM Arguments:
jvm_args: --add-modules=ALL-SYSTEM --add-opens=java.base/java.util=ALL-UNNAMED --add-opens=java.base/java.lang=ALL-UNNAMED -Declipse.application=org.eclipse.jdt.ls.core.id1 -Dosgi.bundles.defaultStartLevel=4 -Declipse.product=org.eclipse.jdt.ls.core.product -Dfile.encoding=utf8 -DwatchParentProcess=false -XX:+UseParallelGC -XX:GCTimeRatio=4 -XX:AdaptiveSizePolicyWeight=90 -Dsun.zip.disableMemoryMapping=true -Xmx1G -Xms100m 
java_command: c:\Users\User\.vscode\extensions\redhat.java-0.80.0\server\plugins\org.eclipse.equinox.launcher_1.6.200.v20210416-2027.jar -configuration c:\Users\User\AppData\Roaming\Code\User\globalStorage\redhat.java\0.80.0\config_win -data c:\Users\User\AppData\Roaming\Code\User\workspaceStorage\2967be04b816d9ae474d0869f495e677\redhat.java\jdt_ws
java_class_path (initial): c:\Users\User\.vscode\extensions\redhat.java-0.80.0\server\plugins\org.eclipse.equinox.launcher_1.6.200.v20210416-2027.jar
Launcher Type: SUN_STANDARD

[Global flags]
    uintx AdaptiveSizePolicyWeight                 = 90                                        {product} {command line}
     intx CICompilerCount                          = 2                                         {product} {ergonomic}
    uintx GCTimeRatio                              = 4                                         {product} {command line}
   size_t InitialHeapSize                          = 104857600                                 {product} {command line}
   size_t MaxHeapSize                              = 1073741824                                {product} {command line}
   size_t MaxNewSize                               = 357564416                                 {product} {ergonomic}
   size_t MinHeapDeltaBytes                        = 524288                                    {product} {ergonomic}
   size_t MinHeapSize                              = 104857600                                 {product} {command line}
   size_t NewSize                                  = 34603008                                  {product} {ergonomic}
    uintx NonNMethodCodeHeapSize                   = 5826188                                {pd product} {ergonomic}
    uintx NonProfiledCodeHeapSize                  = 122916026                              {pd product} {ergonomic}
   size_t OldSize                                  = 70254592                                  {product} {ergonomic}
    uintx ProfiledCodeHeapSize                     = 122916026                              {pd product} {ergonomic}
    uintx ReservedCodeCacheSize                    = 251658240                              {pd product} {ergonomic}
     bool SegmentedCodeCache                       = true                                      {product} {ergonomic}
   size_t SoftMaxHeapSize                          = 1073741824                             {manageable} {ergonomic}
     bool UseCompressedClassPointers               = true                           {product lp64_product} {ergonomic}
     bool UseCompressedOops                        = true                           {product lp64_product} {ergonomic}
     bool UseLargePagesIndividualAllocation        = false                                  {pd product} {ergonomic}
     bool UseParallelGC                            = true                                      {product} {command line}

Logging:
Log output configuration:
 #0: stdout all=warning uptime,level,tags
 #1: stderr all=off uptime,level,tags

Environment Variables:
PATH=C:\Program Files\Common Files\Oracle\Java\javapath;C:\WINDOWS\system32;C:\WINDOWS;C:\WINDOWS\System32\Wbem;C:\WINDOWS\System32\WindowsPowerShell\v1.0\;C:\WINDOWS\System32\OpenSSH\;C:\Program Files\Git\cmd;C:\Users\User\AppData\Local\Microsoft\WindowsApps;;C:\Users\User\AppData\Local\Programs\Microsoft VS Code\bin
USERNAME=User
OS=Windows_NT
PROCESSOR_IDENTIFIER=Intel64 Family 6 Model 58 Stepping 9, GenuineIntel



---------------  S Y S T E M  ---------------

OS:
 Windows 10 , 64 bit Build 19041 (10.0.19041.1023)
OS uptime: 4 days 8:53 hours

CPU: total 2 (initial active 2) (2 cores per cpu, 1 threads per core) family 6 model 58 stepping 9 microcode 0x21, cx8, cmov, fxsr, mmx, sse, sse2, sse3, ssse3, sse4.1, sse4.2, popcnt, tsc, tscinvbit, erms, clmul, clflush

Memory: 4k page, system-wide physical 1933M (126M free)
TotalPageFile size 7821M (AvailPageFile size 5M)
current process WorkingSet (physical memory assigned to process): 213M, peak: 216M
current process commit charge ("private bytes"): 286M, peak: 288M

vm_info: Java HotSpot(TM) 64-Bit Server VM (16.0.1+9-24) for windows-amd64 JRE (16.0.1+9-24), built on Mar 26 2021 19:31:42 by "mach5one" with MS VC++ 16.7 (VS2019)

END.
